3100
0 4 0 4
0 4 4 8
0 4 8 12
0 4 12 16
0 4 16 20
0 4 20 24
0 4 24 28
0 4 28 32
0 4 32 36
0 4 36 40
0 4 40 44
0 4 44 48
0 4 48 52
0 4 52 56
0 4 56 60
0 4 60 64
0 4 64 68
0 4 68 72
0 4 72 76
0 4 76 80
0 4 80 84
0 4 84 88
0 4 88 92
0 4 92 96
0 4 96 100
0 4 100 104
0 4 104 108
0 4 108 112
0 4 112 116
0 4 116 120
0 4 120 124
0 4 124 128
0 4 128 132
0 4 132 136
0 4 136 140
0 4 140 144
0 4 144 148
0 4 148 152
0 4 152 156
0 4 156 160
0 4 160 164
0 4 164 168
0 4 168 172
0 4 172 176
0 4 176 180
0 4 180 184
0 4 184 188
0 4 188 192
0 4 192 196
0 4 196 200
0 4 200 204
0 4 204 208
0 4 208 212
0 4 212 216
0 4 216 220
0 4 220 224
0 4 224 228
0 4 228 232
0 4 232 236
0 4 236 240
0 4 240 244
0 4 244 248
4 8 0 4
4 8 4 8
4 8 8 12
4 8 12 16
4 8 16 20
4 8 20 24
4 8 24 28
4 8 28 32
4 8 32 36
4 8 36 40
4 8 40 44
4 8 44 48
4 8 48 52
4 8 52 56
4 8 56 60
4 8 60 64
4 8 64 68
4 8 68 72
4 8 72 76
4 8 76 80
4 8 80 84
4 8 84 88
4 8 88 92
4 8 92 96
4 8 96 100
4 8 100 104
4 8 104 108
4 8 108 112
4 8 112 116
4 8 116 120
4 8 120 124
4 8 124 128
4 8 128 132
4 8 132 136
4 8 136 140
4 8 140 144
4 8 144 148
4 8 148 152
4 8 152 156
4 8 156 160
4 8 160 164
4 8 164 168
4 8 168 172
4 8 172 176
4 8 176 180
4 8 180 184
4 8 184 188
4 8 188 192
4 8 192 196
4 8 196 200
4 8 200 204
4 8 204 208
4 8 208 212
4 8 212 216
4 8 216 220
4 8 220 224
4 8 224 228
4 8 228 232
4 8 232 236
4 8 236 240
4 8 240 244
4 8 244 248
8 12 0 4
8 12 4 8
8 12 8 12
8 12 12 16
8 12 16 20
8 12 20 24
8 12 24 28
8 12 28 32
8 12 32 36
8 12 36 40
8 12 40 44
8 12 44 48
8 12 48 52
8 12 52 56
8 12 56 60
8 12 60 64
8 12 64 68
8 12 68 72
8 12 72 76
8 12 76 80
8 12 80 84
8 12 84 88
8 12 88 92
8 12 92 96
8 12 96 100
8 12 100 104
8 12 104 108
8 12 108 112
8 12 112 116
8 12 116 120
8 12 120 124
8 12 124 128
8 12 128 132
8 12 132 136
8 12 136 140
8 12 140 144
8 12 144 148
8 12 148 152
8 12 152 156
8 12 156 160
8 12 160 164
8 12 164 168
8 12 168 172
8 12 172 176
8 12 176 180
8 12 180 184
8 12 184 188
8 12 188 192
8 12 192 196
8 12 196 200
8 12 200 204
8 12 204 208
8 12 208 212
8 12 212 216
8 12 216 220
8 12 220 224
8 12 224 228
8 12 228 232
8 12 232 236
8 12 236 240
8 12 240 244
8 12 244 248
12 16 0 4
12 16 4 8
12 16 8 12
12 16 12 16
12 16 16 20
12 16 20 24
12 16 24 28
12 16 28 32
12 16 32 36
12 16 36 40
12 16 40 44
12 16 44 48
12 16 48 52
12 16 52 56
12 16 56 60
12 16 60 64
12 16 64 68
12 16 68 72
12 16 72 76
12 16 76 80
12 16 80 84
12 16 84 88
12 16 88 92
12 16 92 96
12 16 96 100
12 16 100 104
12 16 104 108
12 16 108 112
12 16 112 116
12 16 116 120
12 16 120 124
12 16 124 128
12 16 128 132
12 16 132 136
12 16 136 140
12 16 140 144
12 16 144 148
12 16 148 152
12 16 152 156
12 16 156 160
12 16 160 164
12 16 164 168
12 16 168 172
12 16 172 176
12 16 176 180
12 16 180 184
12 16 184 188
12 16 188 192
12 16 192 196
12 16 196 200
12 16 200 204
12 16 204 208
12 16 208 212
12 16 212 216
12 16 216 220
12 16 220 224
12 16 224 228
12 16 228 232
12 16 232 236
12 16 236 240
12 16 240 244
12 16 244 248
16 20 0 4
16 20 4 8
16 20 8 12
16 20 12 16
16 20 16 20
16 20 20 24
16 20 24 28
16 20 28 32
16 20 32 36
16 20 36 40
16 20 40 44
16 20 44 48
16 20 48 52
16 20 52 56
16 20 56 60
16 20 60 64
16 20 64 68
16 20 68 72
16 20 72 76
16 20 76 80
16 20 80 84
16 20 84 88
16 20 88 92
16 20 92 96
16 20 96 100
16 20 100 104
16 20 104 108
16 20 108 112
16 20 112 116
16 20 116 120
16 20 120 124
16 20 124 128
16 20 128 132
16 20 132 136
16 20 136 140
16 20 140 144
16 20 144 148
16 20 148 152
16 20 152 156
16 20 156 160
16 20 160 164
16 20 164 168
16 20 168 172
16 20 172 176
16 20 176 180
16 20 180 184
16 20 184 188
16 20 188 192
16 20 192 196
16 20 196 200
16 20 200 204
16 20 204 208
16 20 208 212
16 20 212 216
16 20 216 220
16 20 220 224
16 20 224 228
16 20 228 232
16 20 232 236
16 20 236 240
16 20 240 244
16 20 244 248
20 24 0 4
20 24 4 8
20 24 8 12
20 24 12 16
20 24 16 20
20 24 20 24
20 24 24 28
20 24 28 32
20 24 32 36
20 24 36 40
20 24 40 44
20 24 44 48
20 24 48 52
20 24 52 56
20 24 56 60
20 24 60 64
20 24 64 68
20 24 68 72
20 24 72 76
20 24 76 80
20 24 80 84
20 24 84 88
20 24 88 92
20 24 92 96
20 24 96 100
20 24 100 104
20 24 104 108
20 24 108 112
20 24 112 116
20 24 116 120
20 24 120 124
20 24 124 128
20 24 128 132
20 24 132 136
20 24 136 140
20 24 140 144
20 24 144 148
20 24 148 152
20 24 152 156
20 24 156 160
20 24 160 164
20 24 164 168
20 24 168 172
20 24 172 176
20 24 176 180
20 24 180 184
20 24 184 188
20 24 188 192
20 24 192 196
20 24 196 200
20 24 200 204
20 24 204 208
20 24 208 212
20 24 212 216
20 24 216 220
20 24 220 224
20 24 224 228
20 24 228 232
20 24 232 236
20 24 236 240
20 24 240 244
20 24 244 248
24 28 0 4
24 28 4 8
24 28 8 12
24 28 12 16
24 28 16 20
24 28 20 24
24 28 24 28
24 28 28 32
24 28 32 36
24 28 36 40
24 28 40 44
24 28 44 48
24 28 48 52
24 28 52 56
24 28 56 60
24 28 60 64
24 28 64 68
24 28 68 72
24 28 72 76
24 28 76 80
24 28 80 84
24 28 84 88
24 28 88 92
24 28 92 96
24 28 96 100
24 28 100 104
24 28 104 108
24 28 108 112
24 28 112 116
24 28 116 120
24 28 120 124
24 28 124 128
24 28 128 132
24 28 132 136
24 28 136 140
24 28 140 144
24 28 144 148
24 28 148 152
24 28 152 156
24 28 156 160
24 28 160 164
24 28 164 168
24 28 168 172
24 28 172 176
24 28 176 180
24 28 180 184
24 28 184 188
24 28 188 192
24 28 192 196
24 28 196 200
24 28 200 204
24 28 204 208
24 28 208 212
24 28 212 216
24 28 216 220
24 28 220 224
24 28 224 228
24 28 228 232
24 28 232 236
24 28 236 240
24 28 240 244
24 28 244 248
28 32 0 4
28 32 4 8
28 32 8 12
28 32 12 16
28 32 16 20
28 32 20 24
28 32 24 28
28 32 28 32
28 32 32 36
28 32 36 40
28 32 40 44
28 32 44 48
28 32 48 52
28 32 52 56
28 32 56 60
28 32 60 64
28 32 64 68
28 32 68 72
28 32 72 76
28 32 76 80
28 32 80 84
28 32 84 88
28 32 88 92
28 32 92 96
28 32 96 100
28 32 100 104
28 32 104 108
28 32 108 112
28 32 112 116
28 32 116 120
28 32 120 124
28 32 124 128
28 32 128 132
28 32 132 136
28 32 136 140
28 32 140 144
28 32 144 148
28 32 148 152
28 32 152 156
28 32 156 160
28 32 160 164
28 32 164 168
28 32 168 172
28 32 172 176
28 32 176 180
28 32 180 184
28 32 184 188
28 32 188 192
28 32 192 196
28 32 196 200
28 32 200 204
28 32 204 208
28 32 208 212
28 32 212 216
28 32 216 220
28 32 220 224
28 32 224 228
28 32 228 232
28 32 232 236
28 32 236 240
28 32 240 244
28 32 244 248
32 36 0 4
32 36 4 8
32 36 8 12
32 36 12 16
32 36 16 20
32 36 20 24
32 36 24 28
32 36 28 32
32 36 32 36
32 36 36 40
32 36 40 44
32 36 44 48
32 36 48 52
32 36 52 56
32 36 56 60
32 36 60 64
32 36 64 68
32 36 68 72
32 36 72 76
32 36 76 80
32 36 80 84
32 36 84 88
32 36 88 92
32 36 92 96
32 36 96 100
32 36 100 104
32 36 104 108
32 36 108 112
32 36 112 116
32 36 116 120
32 36 120 124
32 36 124 128
32 36 128 132
32 36 132 136
32 36 136 140
32 36 140 144
32 36 144 148
32 36 148 152
32 36 152 156
32 36 156 160
32 36 160 164
32 36 164 168
32 36 168 172
32 36 172 176
32 36 176 180
32 36 180 184
32 36 184 188
32 36 188 192
32 36 192 196
32 36 196 200
32 36 200 204
32 36 204 208
32 36 208 212
32 36 212 216
32 36 216 220
32 36 220 224
32 36 224 228
32 36 228 232
32 36 232 236
32 36 236 240
32 36 240 244
32 36 244 248
36 40 0 4
36 40 4 8
36 40 8 12
36 40 12 16
36 40 16 20
36 40 20 24
36 40 24 28
36 40 28 32
36 40 32 36
36 40 36 40
36 40 40 44
36 40 44 48
36 40 48 52
36 40 52 56
36 40 56 60
36 40 60 64
36 40 64 68
36 40 68 72
36 40 72 76
36 40 76 80
36 40 80 84
36 40 84 88
36 40 88 92
36 40 92 96
36 40 96 100
36 40 100 104
36 40 104 108
36 40 108 112
36 40 112 116
36 40 116 120
36 40 120 124
36 40 124 128
36 40 128 132
36 40 132 136
36 40 136 140
36 40 140 144
36 40 144 148
36 40 148 152
36 40 152 156
36 40 156 160
36 40 160 164
36 40 164 168
36 40 168 172
36 40 172 176
36 40 176 180
36 40 180 184
36 40 184 188
36 40 188 192
36 40 192 196
36 40 196 200
36 40 200 204
36 40 204 208
36 40 208 212
36 40 212 216
36 40 216 220
36 40 220 224
36 40 224 228
36 40 228 232
36 40 232 236
36 40 236 240
36 40 240 244
36 40 244 248
40 44 0 4
40 44 4 8
40 44 8 12
40 44 12 16
40 44 16 20
40 44 20 24
40 44 24 28
40 44 28 32
40 44 32 36
40 44 36 40
40 44 40 44
40 44 44 48
40 44 48 52
40 44 52 56
40 44 56 60
40 44 60 64
40 44 64 68
40 44 68 72
40 44 72 76
40 44 76 80
40 44 80 84
40 44 84 88
40 44 88 92
40 44 92 96
40 44 96 100
40 44 100 104
40 44 104 108
40 44 108 112
40 44 112 116
40 44 116 120
40 44 120 124
40 44 124 128
40 44 128 132
40 44 132 136
40 44 136 140
40 44 140 144
40 44 144 148
40 44 148 152
40 44 152 156
40 44 156 160
40 44 160 164
40 44 164 168
40 44 168 172
40 44 172 176
40 44 176 180
40 44 180 184
40 44 184 188
40 44 188 192
40 44 192 196
40 44 196 200
40 44 200 204
40 44 204 208
40 44 208 212
40 44 212 216
40 44 216 220
40 44 220 224
40 44 224 228
40 44 228 232
40 44 232 236
40 44 236 240
40 44 240 244
40 44 244 248
44 48 0 4
44 48 4 8
44 48 8 12
44 48 12 16
44 48 16 20
44 48 20 24
44 48 24 28
44 48 28 32
44 48 32 36
44 48 36 40
44 48 40 44
44 48 44 48
44 48 48 52
44 48 52 56
44 48 56 60
44 48 60 64
44 48 64 68
44 48 68 72
44 48 72 76
44 48 76 80
44 48 80 84
44 48 84 88
44 48 88 92
44 48 92 96
44 48 96 100
44 48 100 104
44 48 104 108
44 48 108 112
44 48 112 116
44 48 116 120
44 48 120 124
44 48 124 128
44 48 128 132
44 48 132 136
44 48 136 140
44 48 140 144
44 48 144 148
44 48 148 152
44 48 152 156
44 48 156 160
44 48 160 164
44 48 164 168
44 48 168 172
44 48 172 176
44 48 176 180
44 48 180 184
44 48 184 188
44 48 188 192
44 48 192 196
44 48 196 200
44 48 200 204
44 48 204 208
44 48 208 212
44 48 212 216
44 48 216 220
44 48 220 224
44 48 224 228
44 48 228 232
44 48 232 236
44 48 236 240
44 48 240 244
44 48 244 248
48 52 0 4
48 52 4 8
48 52 8 12
48 52 12 16
48 52 16 20
48 52 20 24
48 52 24 28
48 52 28 32
48 52 32 36
48 52 36 40
48 52 40 44
48 52 44 48
48 52 48 52
48 52 52 56
48 52 56 60
48 52 60 64
48 52 64 68
48 52 68 72
48 52 72 76
48 52 76 80
48 52 80 84
48 52 84 88
48 52 88 92
48 52 92 96
48 52 96 100
48 52 100 104
48 52 104 108
48 52 108 112
48 52 112 116
48 52 116 120
48 52 120 124
48 52 124 128
48 52 128 132
48 52 132 136
48 52 136 140
48 52 140 144
48 52 144 148
48 52 148 152
48 52 152 156
48 52 156 160
48 52 160 164
48 52 164 168
48 52 168 172
48 52 172 176
48 52 176 180
48 52 180 184
48 52 184 188
48 52 188 192
48 52 192 196
48 52 196 200
48 52 200 204
48 52 204 208
48 52 208 212
48 52 212 216
48 52 216 220
48 52 220 224
48 52 224 228
48 52 228 232
48 52 232 236
48 52 236 240
48 52 240 244
48 52 244 248
52 56 0 4
52 56 4 8
52 56 8 12
52 56 12 16
52 56 16 20
52 56 20 24
52 56 24 28
52 56 28 32
52 56 32 36
52 56 36 40
52 56 40 44
52 56 44 48
52 56 48 52
52 56 52 56
52 56 56 60
52 56 60 64
52 56 64 68
52 56 68 72
52 56 72 76
52 56 76 80
52 56 80 84
52 56 84 88
52 56 88 92
52 56 92 96
52 56 96 100
52 56 100 104
52 56 104 108
52 56 108 112
52 56 112 116
52 56 116 120
52 56 120 124
52 56 124 128
52 56 128 132
52 56 132 136
52 56 136 140
52 56 140 144
52 56 144 148
52 56 148 152
52 56 152 156
52 56 156 160
52 56 160 164
52 56 164 168
52 56 168 172
52 56 172 176
52 56 176 180
52 56 180 184
52 56 184 188
52 56 188 192
52 56 192 196
52 56 196 200
52 56 200 204
52 56 204 208
52 56 208 212
52 56 212 216
52 56 216 220
52 56 220 224
52 56 224 228
52 56 228 232
52 56 232 236
52 56 236 240
52 56 240 244
52 56 244 248
56 60 0 4
56 60 4 8
56 60 8 12
56 60 12 16
56 60 16 20
56 60 20 24
56 60 24 28
56 60 28 32
56 60 32 36
56 60 36 40
56 60 40 44
56 60 44 48
56 60 48 52
56 60 52 56
56 60 56 60
56 60 60 64
56 60 64 68
56 60 68 72
56 60 72 76
56 60 76 80
56 60 80 84
56 60 84 88
56 60 88 92
56 60 92 96
56 60 96 100
56 60 100 104
56 60 104 108
56 60 108 112
56 60 112 116
56 60 116 120
56 60 120 124
56 60 124 128
56 60 128 132
56 60 132 136
56 60 136 140
56 60 140 144
56 60 144 148
56 60 148 152
56 60 152 156
56 60 156 160
56 60 160 164
56 60 164 168
56 60 168 172
56 60 172 176
56 60 176 180
56 60 180 184
56 60 184 188
56 60 188 192
56 60 192 196
56 60 196 200
56 60 200 204
56 60 204 208
56 60 208 212
56 60 212 216
56 60 216 220
56 60 220 224
56 60 224 228
56 60 228 232
56 60 232 236
56 60 236 240
56 60 240 244
56 60 244 248
60 64 0 4
60 64 4 8
60 64 8 12
60 64 12 16
60 64 16 20
60 64 20 24
60 64 24 28
60 64 28 32
60 64 32 36
60 64 36 40
60 64 40 44
60 64 44 48
60 64 48 52
60 64 52 56
60 64 56 60
60 64 60 64
60 64 64 68
60 64 68 72
60 64 72 76
60 64 76 80
60 64 80 84
60 64 84 88
60 64 88 92
60 64 92 96
60 64 96 100
60 64 100 104
60 64 104 108
60 64 108 112
60 64 112 116
60 64 116 120
60 64 120 124
60 64 124 128
60 64 128 132
60 64 132 136
60 64 136 140
60 64 140 144
60 64 144 148
60 64 148 152
60 64 152 156
60 64 156 160
60 64 160 164
60 64 164 168
60 64 168 172
60 64 172 176
60 64 176 180
60 64 180 184
60 64 184 188
60 64 188 192
60 64 192 196
60 64 196 200
60 64 200 204
60 64 204 208
60 64 208 212
60 64 212 216
60 64 216 220
60 64 220 224
60 64 224 228
60 64 228 232
60 64 232 236
60 64 236 240
60 64 240 244
60 64 244 248
64 68 0 4
64 68 4 8
64 68 8 12
64 68 12 16
64 68 16 20
64 68 20 24
64 68 24 28
64 68 28 32
64 68 32 36
64 68 36 40
64 68 40 44
64 68 44 48
64 68 48 52
64 68 52 56
64 68 56 60
64 68 60 64
64 68 64 68
64 68 68 72
64 68 72 76
64 68 76 80
64 68 80 84
64 68 84 88
64 68 88 92
64 68 92 96
64 68 96 100
64 68 100 104
64 68 104 108
64 68 108 112
64 68 112 116
64 68 116 120
64 68 120 124
64 68 124 128
64 68 128 132
64 68 132 136
64 68 136 140
64 68 140 144
64 68 144 148
64 68 148 152
64 68 152 156
64 68 156 160
64 68 160 164
64 68 164 168
64 68 168 172
64 68 172 176
64 68 176 180
64 68 180 184
64 68 184 188
64 68 188 192
64 68 192 196
64 68 196 200
64 68 200 204
64 68 204 208
64 68 208 212
64 68 212 216
64 68 216 220
64 68 220 224
64 68 224 228
64 68 228 232
64 68 232 236
64 68 236 240
64 68 240 244
64 68 244 248
68 72 0 4
68 72 4 8
68 72 8 12
68 72 12 16
68 72 16 20
68 72 20 24
68 72 24 28
68 72 28 32
68 72 32 36
68 72 36 40
68 72 40 44
68 72 44 48
68 72 48 52
68 72 52 56
68 72 56 60
68 72 60 64
68 72 64 68
68 72 68 72
68 72 72 76
68 72 76 80
68 72 80 84
68 72 84 88
68 72 88 92
68 72 92 96
68 72 96 100
68 72 100 104
68 72 104 108
68 72 108 112
68 72 112 116
68 72 116 120
68 72 120 124
68 72 124 128
68 72 128 132
68 72 132 136
68 72 136 140
68 72 140 144
68 72 144 148
68 72 148 152
68 72 152 156
68 72 156 160
68 72 160 164
68 72 164 168
68 72 168 172
68 72 172 176
68 72 176 180
68 72 180 184
68 72 184 188
68 72 188 192
68 72 192 196
68 72 196 200
68 72 200 204
68 72 204 208
68 72 208 212
68 72 212 216
68 72 216 220
68 72 220 224
68 72 224 228
68 72 228 232
68 72 232 236
68 72 236 240
68 72 240 244
68 72 244 248
72 76 0 4
72 76 4 8
72 76 8 12
72 76 12 16
72 76 16 20
72 76 20 24
72 76 24 28
72 76 28 32
72 76 32 36
72 76 36 40
72 76 40 44
72 76 44 48
72 76 48 52
72 76 52 56
72 76 56 60
72 76 60 64
72 76 64 68
72 76 68 72
72 76 72 76
72 76 76 80
72 76 80 84
72 76 84 88
72 76 88 92
72 76 92 96
72 76 96 100
72 76 100 104
72 76 104 108
72 76 108 112
72 76 112 116
72 76 116 120
72 76 120 124
72 76 124 128
72 76 128 132
72 76 132 136
72 76 136 140
72 76 140 144
72 76 144 148
72 76 148 152
72 76 152 156
72 76 156 160
72 76 160 164
72 76 164 168
72 76 168 172
72 76 172 176
72 76 176 180
72 76 180 184
72 76 184 188
72 76 188 192
72 76 192 196
72 76 196 200
72 76 200 204
72 76 204 208
72 76 208 212
72 76 212 216
72 76 216 220
72 76 220 224
72 76 224 228
72 76 228 232
72 76 232 236
72 76 236 240
72 76 240 244
72 76 244 248
76 80 0 4
76 80 4 8
76 80 8 12
76 80 12 16
76 80 16 20
76 80 20 24
76 80 24 28
76 80 28 32
76 80 32 36
76 80 36 40
76 80 40 44
76 80 44 48
76 80 48 52
76 80 52 56
76 80 56 60
76 80 60 64
76 80 64 68
76 80 68 72
76 80 72 76
76 80 76 80
76 80 80 84
76 80 84 88
76 80 88 92
76 80 92 96
76 80 96 100
76 80 100 104
76 80 104 108
76 80 108 112
76 80 112 116
76 80 116 120
76 80 120 124
76 80 124 128
76 80 128 132
76 80 132 136
76 80 136 140
76 80 140 144
76 80 144 148
76 80 148 152
76 80 152 156
76 80 156 160
76 80 160 164
76 80 164 168
76 80 168 172
76 80 172 176
76 80 176 180
76 80 180 184
76 80 184 188
76 80 188 192
76 80 192 196
76 80 196 200
76 80 200 204
76 80 204 208
76 80 208 212
76 80 212 216
76 80 216 220
76 80 220 224
76 80 224 228
76 80 228 232
76 80 232 236
76 80 236 240
76 80 240 244
76 80 244 248
80 84 0 4
80 84 4 8
80 84 8 12
80 84 12 16
80 84 16 20
80 84 20 24
80 84 24 28
80 84 28 32
80 84 32 36
80 84 36 40
80 84 40 44
80 84 44 48
80 84 48 52
80 84 52 56
80 84 56 60
80 84 60 64
80 84 64 68
80 84 68 72
80 84 72 76
80 84 76 80
80 84 80 84
80 84 84 88
80 84 88 92
80 84 92 96
80 84 96 100
80 84 100 104
80 84 104 108
80 84 108 112
80 84 112 116
80 84 116 120
80 84 120 124
80 84 124 128
80 84 128 132
80 84 132 136
80 84 136 140
80 84 140 144
80 84 144 148
80 84 148 152
80 84 152 156
80 84 156 160
80 84 160 164
80 84 164 168
80 84 168 172
80 84 172 176
80 84 176 180
80 84 180 184
80 84 184 188
80 84 188 192
80 84 192 196
80 84 196 200
80 84 200 204
80 84 204 208
80 84 208 212
80 84 212 216
80 84 216 220
80 84 220 224
80 84 224 228
80 84 228 232
80 84 232 236
80 84 236 240
80 84 240 244
80 84 244 248
84 88 0 4
84 88 4 8
84 88 8 12
84 88 12 16
84 88 16 20
84 88 20 24
84 88 24 28
84 88 28 32
84 88 32 36
84 88 36 40
84 88 40 44
84 88 44 48
84 88 48 52
84 88 52 56
84 88 56 60
84 88 60 64
84 88 64 68
84 88 68 72
84 88 72 76
84 88 76 80
84 88 80 84
84 88 84 88
84 88 88 92
84 88 92 96
84 88 96 100
84 88 100 104
84 88 104 108
84 88 108 112
84 88 112 116
84 88 116 120
84 88 120 124
84 88 124 128
84 88 128 132
84 88 132 136
84 88 136 140
84 88 140 144
84 88 144 148
84 88 148 152
84 88 152 156
84 88 156 160
84 88 160 164
84 88 164 168
84 88 168 172
84 88 172 176
84 88 176 180
84 88 180 184
84 88 184 188
84 88 188 192
84 88 192 196
84 88 196 200
84 88 200 204
84 88 204 208
84 88 208 212
84 88 212 216
84 88 216 220
84 88 220 224
84 88 224 228
84 88 228 232
84 88 232 236
84 88 236 240
84 88 240 244
84 88 244 248
88 92 0 4
88 92 4 8
88 92 8 12
88 92 12 16
88 92 16 20
88 92 20 24
88 92 24 28
88 92 28 32
88 92 32 36
88 92 36 40
88 92 40 44
88 92 44 48
88 92 48 52
88 92 52 56
88 92 56 60
88 92 60 64
88 92 64 68
88 92 68 72
88 92 72 76
88 92 76 80
88 92 80 84
88 92 84 88
88 92 88 92
88 92 92 96
88 92 96 100
88 92 100 104
88 92 104 108
88 92 108 112
88 92 112 116
88 92 116 120
88 92 120 124
88 92 124 128
88 92 128 132
88 92 132 136
88 92 136 140
88 92 140 144
88 92 144 148
88 92 148 152
88 92 152 156
88 92 156 160
88 92 160 164
88 92 164 168
88 92 168 172
88 92 172 176
88 92 176 180
88 92 180 184
88 92 184 188
88 92 188 192
88 92 192 196
88 92 196 200
88 92 200 204
88 92 204 208
88 92 208 212
88 92 212 216
88 92 216 220
88 92 220 224
88 92 224 228
88 92 228 232
88 92 232 236
88 92 236 240
88 92 240 244
88 92 244 248
92 96 0 4
92 96 4 8
92 96 8 12
92 96 12 16
92 96 16 20
92 96 20 24
92 96 24 28
92 96 28 32
92 96 32 36
92 96 36 40
92 96 40 44
92 96 44 48
92 96 48 52
92 96 52 56
92 96 56 60
92 96 60 64
92 96 64 68
92 96 68 72
92 96 72 76
92 96 76 80
92 96 80 84
92 96 84 88
92 96 88 92
92 96 92 96
92 96 96 100
92 96 100 104
92 96 104 108
92 96 108 112
92 96 112 116
92 96 116 120
92 96 120 124
92 96 124 128
92 96 128 132
92 96 132 136
92 96 136 140
92 96 140 144
92 96 144 148
92 96 148 152
92 96 152 156
92 96 156 160
92 96 160 164
92 96 164 168
92 96 168 172
92 96 172 176
92 96 176 180
92 96 180 184
92 96 184 188
92 96 188 192
92 96 192 196
92 96 196 200
92 96 200 204
92 96 204 208
92 96 208 212
92 96 212 216
92 96 216 220
92 96 220 224
92 96 224 228
92 96 228 232
92 96 232 236
92 96 236 240
92 96 240 244
92 96 244 248
96 100 0 4
96 100 4 8
96 100 8 12
96 100 12 16
96 100 16 20
96 100 20 24
96 100 24 28
96 100 28 32
96 100 32 36
96 100 36 40
96 100 40 44
96 100 44 48
96 100 48 52
96 100 52 56
96 100 56 60
96 100 60 64
96 100 64 68
96 100 68 72
96 100 72 76
96 100 76 80
96 100 80 84
96 100 84 88
96 100 88 92
96 100 92 96
96 100 96 100
96 100 100 104
96 100 104 108
96 100 108 112
96 100 112 116
96 100 116 120
96 100 120 124
96 100 124 128
96 100 128 132
96 100 132 136
96 100 136 140
96 100 140 144
96 100 144 148
96 100 148 152
96 100 152 156
96 100 156 160
96 100 160 164
96 100 164 168
96 100 168 172
96 100 172 176
96 100 176 180
96 100 180 184
96 100 184 188
96 100 188 192
96 100 192 196
96 100 196 200
96 100 200 204
96 100 204 208
96 100 208 212
96 100 212 216
96 100 216 220
96 100 220 224
96 100 224 228
96 100 228 232
96 100 232 236
96 100 236 240
96 100 240 244
96 100 244 248
100 104 0 4
100 104 4 8
100 104 8 12
100 104 12 16
100 104 16 20
100 104 20 24
100 104 24 28
100 104 28 32
100 104 32 36
100 104 36 40
100 104 40 44
100 104 44 48
100 104 48 52
100 104 52 56
100 104 56 60
100 104 60 64
100 104 64 68
100 104 68 72
100 104 72 76
100 104 76 80
100 104 80 84
100 104 84 88
100 104 88 92
100 104 92 96
100 104 96 100
100 104 100 104
100 104 104 108
100 104 108 112
100 104 112 116
100 104 116 120
100 104 120 124
100 104 124 128
100 104 128 132
100 104 132 136
100 104 136 140
100 104 140 144
100 104 144 148
100 104 148 152
100 104 152 156
100 104 156 160
100 104 160 164
100 104 164 168
100 104 168 172
100 104 172 176
100 104 176 180
100 104 180 184
100 104 184 188
100 104 188 192
100 104 192 196
100 104 196 200
100 104 200 204
100 104 204 208
100 104 208 212
100 104 212 216
100 104 216 220
100 104 220 224
100 104 224 228
100 104 228 232
100 104 232 236
100 104 236 240
100 104 240 244
100 104 244 248
104 108 0 4
104 108 4 8
104 108 8 12
104 108 12 16
104 108 16 20
104 108 20 24
104 108 24 28
104 108 28 32
104 108 32 36
104 108 36 40
104 108 40 44
104 108 44 48
104 108 48 52
104 108 52 56
104 108 56 60
104 108 60 64
104 108 64 68
104 108 68 72
104 108 72 76
104 108 76 80
104 108 80 84
104 108 84 88
104 108 88 92
104 108 92 96
104 108 96 100
104 108 100 104
104 108 104 108
104 108 108 112
104 108 112 116
104 108 116 120
104 108 120 124
104 108 124 128
104 108 128 132
104 108 132 136
104 108 136 140
104 108 140 144
104 108 144 148
104 108 148 152
104 108 152 156
104 108 156 160
104 108 160 164
104 108 164 168
104 108 168 172
104 108 172 176
104 108 176 180
104 108 180 184
104 108 184 188
104 108 188 192
104 108 192 196
104 108 196 200
104 108 200 204
104 108 204 208
104 108 208 212
104 108 212 216
104 108 216 220
104 108 220 224
104 108 224 228
104 108 228 232
104 108 232 236
104 108 236 240
104 108 240 244
104 108 244 248
108 112 0 4
108 112 4 8
108 112 8 12
108 112 12 16
108 112 16 20
108 112 20 24
108 112 24 28
108 112 28 32
108 112 32 36
108 112 36 40
108 112 40 44
108 112 44 48
108 112 48 52
108 112 52 56
108 112 56 60
108 112 60 64
108 112 64 68
108 112 68 72
108 112 72 76
108 112 76 80
108 112 80 84
108 112 84 88
108 112 88 92
108 112 92 96
108 112 96 100
108 112 100 104
108 112 104 108
108 112 108 112
108 112 112 116
108 112 116 120
108 112 120 124
108 112 124 128
108 112 128 132
108 112 132 136
108 112 136 140
108 112 140 144
108 112 144 148
108 112 148 152
108 112 152 156
108 112 156 160
108 112 160 164
108 112 164 168
108 112 168 172
108 112 172 176
108 112 176 180
108 112 180 184
108 112 184 188
108 112 188 192
108 112 192 196
108 112 196 200
108 112 200 204
108 112 204 208
108 112 208 212
108 112 212 216
108 112 216 220
108 112 220 224
108 112 224 228
108 112 228 232
108 112 232 236
108 112 236 240
108 112 240 244
108 112 244 248
112 116 0 4
112 116 4 8
112 116 8 12
112 116 12 16
112 116 16 20
112 116 20 24
112 116 24 28
112 116 28 32
112 116 32 36
112 116 36 40
112 116 40 44
112 116 44 48
112 116 48 52
112 116 52 56
112 116 56 60
112 116 60 64
112 116 64 68
112 116 68 72
112 116 72 76
112 116 76 80
112 116 80 84
112 116 84 88
112 116 88 92
112 116 92 96
112 116 96 100
112 116 100 104
112 116 104 108
112 116 108 112
112 116 112 116
112 116 116 120
112 116 120 124
112 116 124 128
112 116 128 132
112 116 132 136
112 116 136 140
112 116 140 144
112 116 144 148
112 116 148 152
112 116 152 156
112 116 156 160
112 116 160 164
112 116 164 168
112 116 168 172
112 116 172 176
112 116 176 180
112 116 180 184
112 116 184 188
112 116 188 192
112 116 192 196
112 116 196 200
112 116 200 204
112 116 204 208
112 116 208 212
112 116 212 216
112 116 216 220
112 116 220 224
112 116 224 228
112 116 228 232
112 116 232 236
112 116 236 240
112 116 240 244
112 116 244 248
116 120 0 4
116 120 4 8
116 120 8 12
116 120 12 16
116 120 16 20
116 120 20 24
116 120 24 28
116 120 28 32
116 120 32 36
116 120 36 40
116 120 40 44
116 120 44 48
116 120 48 52
116 120 52 56
116 120 56 60
116 120 60 64
116 120 64 68
116 120 68 72
116 120 72 76
116 120 76 80
116 120 80 84
116 120 84 88
116 120 88 92
116 120 92 96
116 120 96 100
116 120 100 104
116 120 104 108
116 120 108 112
116 120 112 116
116 120 116 120
116 120 120 124
116 120 124 128
116 120 128 132
116 120 132 136
116 120 136 140
116 120 140 144
116 120 144 148
116 120 148 152
116 120 152 156
116 120 156 160
116 120 160 164
116 120 164 168
116 120 168 172
116 120 172 176
116 120 176 180
116 120 180 184
116 120 184 188
116 120 188 192
116 120 192 196
116 120 196 200
116 120 200 204
116 120 204 208
116 120 208 212
116 120 212 216
116 120 216 220
116 120 220 224
116 120 224 228
116 120 228 232
116 120 232 236
116 120 236 240
116 120 240 244
116 120 244 248
120 124 0 4
120 124 4 8
120 124 8 12
120 124 12 16
120 124 16 20
120 124 20 24
120 124 24 28
120 124 28 32
120 124 32 36
120 124 36 40
120 124 40 44
120 124 44 48
120 124 48 52
120 124 52 56
120 124 56 60
120 124 60 64
120 124 64 68
120 124 68 72
120 124 72 76
120 124 76 80
120 124 80 84
120 124 84 88
120 124 88 92
120 124 92 96
120 124 96 100
120 124 100 104
120 124 104 108
120 124 108 112
120 124 112 116
120 124 116 120
120 124 120 124
120 124 124 128
120 124 128 132
120 124 132 136
120 124 136 140
120 124 140 144
120 124 144 148
120 124 148 152
120 124 152 156
120 124 156 160
120 124 160 164
120 124 164 168
120 124 168 172
120 124 172 176
120 124 176 180
120 124 180 184
120 124 184 188
120 124 188 192
120 124 192 196
120 124 196 200
120 124 200 204
120 124 204 208
120 124 208 212
120 124 212 216
120 124 216 220
120 124 220 224
120 124 224 228
120 124 228 232
120 124 232 236
120 124 236 240
120 124 240 244
120 124 244 248
124 128 0 4
124 128 4 8
124 128 8 12
124 128 12 16
124 128 16 20
124 128 20 24
124 128 24 28
124 128 28 32
124 128 32 36
124 128 36 40
124 128 40 44
124 128 44 48
124 128 48 52
124 128 52 56
124 128 56 60
124 128 60 64
124 128 64 68
124 128 68 72
124 128 72 76
124 128 76 80
124 128 80 84
124 128 84 88
124 128 88 92
124 128 92 96
124 128 96 100
124 128 100 104
124 128 104 108
124 128 108 112
124 128 112 116
124 128 116 120
124 128 120 124
124 128 124 128
124 128 128 132
124 128 132 136
124 128 136 140
124 128 140 144
124 128 144 148
124 128 148 152
124 128 152 156
124 128 156 160
124 128 160 164
124 128 164 168
124 128 168 172
124 128 172 176
124 128 176 180
124 128 180 184
124 128 184 188
124 128 188 192
124 128 192 196
124 128 196 200
124 128 200 204
124 128 204 208
124 128 208 212
124 128 212 216
124 128 216 220
124 128 220 224
124 128 224 228
124 128 228 232
124 128 232 236
124 128 236 240
124 128 240 244
124 128 244 248
128 132 0 4
128 132 4 8
128 132 8 12
128 132 12 16
128 132 16 20
128 132 20 24
128 132 24 28
128 132 28 32
128 132 32 36
128 132 36 40
128 132 40 44
128 132 44 48
128 132 48 52
128 132 52 56
128 132 56 60
128 132 60 64
128 132 64 68
128 132 68 72
128 132 72 76
128 132 76 80
128 132 80 84
128 132 84 88
128 132 88 92
128 132 92 96
128 132 96 100
128 132 100 104
128 132 104 108
128 132 108 112
128 132 112 116
128 132 116 120
128 132 120 124
128 132 124 128
128 132 128 132
128 132 132 136
128 132 136 140
128 132 140 144
128 132 144 148
128 132 148 152
128 132 152 156
128 132 156 160
128 132 160 164
128 132 164 168
128 132 168 172
128 132 172 176
128 132 176 180
128 132 180 184
128 132 184 188
128 132 188 192
128 132 192 196
128 132 196 200
128 132 200 204
128 132 204 208
128 132 208 212
128 132 212 216
128 132 216 220
128 132 220 224
128 132 224 228
128 132 228 232
128 132 232 236
128 132 236 240
128 132 240 244
128 132 244 248
132 136 0 4
132 136 4 8
132 136 8 12
132 136 12 16
132 136 16 20
132 136 20 24
132 136 24 28
132 136 28 32
132 136 32 36
132 136 36 40
132 136 40 44
132 136 44 48
132 136 48 52
132 136 52 56
132 136 56 60
132 136 60 64
132 136 64 68
132 136 68 72
132 136 72 76
132 136 76 80
132 136 80 84
132 136 84 88
132 136 88 92
132 136 92 96
132 136 96 100
132 136 100 104
132 136 104 108
132 136 108 112
132 136 112 116
132 136 116 120
132 136 120 124
132 136 124 128
132 136 128 132
132 136 132 136
132 136 136 140
132 136 140 144
132 136 144 148
132 136 148 152
132 136 152 156
132 136 156 160
132 136 160 164
132 136 164 168
132 136 168 172
132 136 172 176
132 136 176 180
132 136 180 184
132 136 184 188
132 136 188 192
132 136 192 196
132 136 196 200
132 136 200 204
132 136 204 208
132 136 208 212
132 136 212 216
132 136 216 220
132 136 220 224
132 136 224 228
132 136 228 232
132 136 232 236
132 136 236 240
132 136 240 244
132 136 244 248
136 140 0 4
136 140 4 8
136 140 8 12
136 140 12 16
136 140 16 20
136 140 20 24
136 140 24 28
136 140 28 32
136 140 32 36
136 140 36 40
136 140 40 44
136 140 44 48
136 140 48 52
136 140 52 56
136 140 56 60
136 140 60 64
136 140 64 68
136 140 68 72
136 140 72 76
136 140 76 80
136 140 80 84
136 140 84 88
136 140 88 92
136 140 92 96
136 140 96 100
136 140 100 104
136 140 104 108
136 140 108 112
136 140 112 116
136 140 116 120
136 140 120 124
136 140 124 128
136 140 128 132
136 140 132 136
136 140 136 140
136 140 140 144
136 140 144 148
136 140 148 152
136 140 152 156
136 140 156 160
136 140 160 164
136 140 164 168
136 140 168 172
136 140 172 176
136 140 176 180
136 140 180 184
136 140 184 188
136 140 188 192
136 140 192 196
136 140 196 200
136 140 200 204
136 140 204 208
136 140 208 212
136 140 212 216
136 140 216 220
136 140 220 224
136 140 224 228
136 140 228 232
136 140 232 236
136 140 236 240
136 140 240 244
136 140 244 248
140 144 0 4
140 144 4 8
140 144 8 12
140 144 12 16
140 144 16 20
140 144 20 24
140 144 24 28
140 144 28 32
140 144 32 36
140 144 36 40
140 144 40 44
140 144 44 48
140 144 48 52
140 144 52 56
140 144 56 60
140 144 60 64
140 144 64 68
140 144 68 72
140 144 72 76
140 144 76 80
140 144 80 84
140 144 84 88
140 144 88 92
140 144 92 96
140 144 96 100
140 144 100 104
140 144 104 108
140 144 108 112
140 144 112 116
140 144 116 120
140 144 120 124
140 144 124 128
140 144 128 132
140 144 132 136
140 144 136 140
140 144 140 144
140 144 144 148
140 144 148 152
140 144 152 156
140 144 156 160
140 144 160 164
140 144 164 168
140 144 168 172
140 144 172 176
140 144 176 180
140 144 180 184
140 144 184 188
140 144 188 192
140 144 192 196
140 144 196 200
140 144 200 204
140 144 204 208
140 144 208 212
140 144 212 216
140 144 216 220
140 144 220 224
140 144 224 228
140 144 228 232
140 144 232 236
140 144 236 240
140 144 240 244
140 144 244 248
144 148 0 4
144 148 4 8
144 148 8 12
144 148 12 16
144 148 16 20
144 148 20 24
144 148 24 28
144 148 28 32
144 148 32 36
144 148 36 40
144 148 40 44
144 148 44 48
144 148 48 52
144 148 52 56
144 148 56 60
144 148 60 64
144 148 64 68
144 148 68 72
144 148 72 76
144 148 76 80
144 148 80 84
144 148 84 88
144 148 88 92
144 148 92 96
144 148 96 100
144 148 100 104
144 148 104 108
144 148 108 112
144 148 112 116
144 148 116 120
144 148 120 124
144 148 124 128
144 148 128 132
144 148 132 136
144 148 136 140
144 148 140 144
144 148 144 148
144 148 148 152
144 148 152 156
144 148 156 160
144 148 160 164
144 148 164 168
144 148 168 172
144 148 172 176
144 148 176 180
144 148 180 184
144 148 184 188
144 148 188 192
144 148 192 196
144 148 196 200
144 148 200 204
144 148 204 208
144 148 208 212
144 148 212 216
144 148 216 220
144 148 220 224
144 148 224 228
144 148 228 232
144 148 232 236
144 148 236 240
144 148 240 244
144 148 244 248
148 152 0 4
148 152 4 8
148 152 8 12
148 152 12 16
148 152 16 20
148 152 20 24
148 152 24 28
148 152 28 32
148 152 32 36
148 152 36 40
148 152 40 44
148 152 44 48
148 152 48 52
148 152 52 56
148 152 56 60
148 152 60 64
148 152 64 68
148 152 68 72
148 152 72 76
148 152 76 80
148 152 80 84
148 152 84 88
148 152 88 92
148 152 92 96
148 152 96 100
148 152 100 104
148 152 104 108
148 152 108 112
148 152 112 116
148 152 116 120
148 152 120 124
148 152 124 128
148 152 128 132
148 152 132 136
148 152 136 140
148 152 140 144
148 152 144 148
148 152 148 152
148 152 152 156
148 152 156 160
148 152 160 164
148 152 164 168
148 152 168 172
148 152 172 176
148 152 176 180
148 152 180 184
148 152 184 188
148 152 188 192
148 152 192 196
148 152 196 200
148 152 200 204
148 152 204 208
148 152 208 212
148 152 212 216
148 152 216 220
148 152 220 224
148 152 224 228
148 152 228 232
148 152 232 236
148 152 236 240
148 152 240 244
148 152 244 248
152 156 0 4
152 156 4 8
152 156 8 12
152 156 12 16
152 156 16 20
152 156 20 24
152 156 24 28
152 156 28 32
152 156 32 36
152 156 36 40
152 156 40 44
152 156 44 48
152 156 48 52
152 156 52 56
152 156 56 60
152 156 60 64
152 156 64 68
152 156 68 72
152 156 72 76
152 156 76 80
152 156 80 84
152 156 84 88
152 156 88 92
152 156 92 96
152 156 96 100
152 156 100 104
152 156 104 108
152 156 108 112
152 156 112 116
152 156 116 120
152 156 120 124
152 156 124 128
152 156 128 132
152 156 132 136
152 156 136 140
152 156 140 144
152 156 144 148
152 156 148 152
152 156 152 156
152 156 156 160
152 156 160 164
152 156 164 168
152 156 168 172
152 156 172 176
152 156 176 180
152 156 180 184
152 156 184 188
152 156 188 192
152 156 192 196
152 156 196 200
152 156 200 204
152 156 204 208
152 156 208 212
152 156 212 216
152 156 216 220
152 156 220 224
152 156 224 228
152 156 228 232
152 156 232 236
152 156 236 240
152 156 240 244
152 156 244 248
156 160 0 4
156 160 4 8
156 160 8 12
156 160 12 16
156 160 16 20
156 160 20 24
156 160 24 28
156 160 28 32
156 160 32 36
156 160 36 40
156 160 40 44
156 160 44 48
156 160 48 52
156 160 52 56
156 160 56 60
156 160 60 64
156 160 64 68
156 160 68 72
156 160 72 76
156 160 76 80
156 160 80 84
156 160 84 88
156 160 88 92
156 160 92 96
156 160 96 100
156 160 100 104
156 160 104 108
156 160 108 112
156 160 112 116
156 160 116 120
156 160 120 124
156 160 124 128
156 160 128 132
156 160 132 136
156 160 136 140
156 160 140 144
156 160 144 148
156 160 148 152
156 160 152 156
156 160 156 160
156 160 160 164
156 160 164 168
156 160 168 172
156 160 172 176
156 160 176 180
156 160 180 184
156 160 184 188
156 160 188 192
156 160 192 196
156 160 196 200
156 160 200 204
156 160 204 208
156 160 208 212
156 160 212 216
156 160 216 220
156 160 220 224
156 160 224 228
156 160 228 232
156 160 232 236
156 160 236 240
156 160 240 244
156 160 244 248
160 164 0 4
160 164 4 8
160 164 8 12
160 164 12 16
160 164 16 20
160 164 20 24
160 164 24 28
160 164 28 32
160 164 32 36
160 164 36 40
160 164 40 44
160 164 44 48
160 164 48 52
160 164 52 56
160 164 56 60
160 164 60 64
160 164 64 68
160 164 68 72
160 164 72 76
160 164 76 80
160 164 80 84
160 164 84 88
160 164 88 92
160 164 92 96
160 164 96 100
160 164 100 104
160 164 104 108
160 164 108 112
160 164 112 116
160 164 116 120
160 164 120 124
160 164 124 128
160 164 128 132
160 164 132 136
160 164 136 140
160 164 140 144
160 164 144 148
160 164 148 152
160 164 152 156
160 164 156 160
160 164 160 164
160 164 164 168
160 164 168 172
160 164 172 176
160 164 176 180
160 164 180 184
160 164 184 188
160 164 188 192
160 164 192 196
160 164 196 200
160 164 200 204
160 164 204 208
160 164 208 212
160 164 212 216
160 164 216 220
160 164 220 224
160 164 224 228
160 164 228 232
160 164 232 236
160 164 236 240
160 164 240 244
160 164 244 248
164 168 0 4
164 168 4 8
164 168 8 12
164 168 12 16
164 168 16 20
164 168 20 24
164 168 24 28
164 168 28 32
164 168 32 36
164 168 36 40
164 168 40 44
164 168 44 48
164 168 48 52
164 168 52 56
164 168 56 60
164 168 60 64
164 168 64 68
164 168 68 72
164 168 72 76
164 168 76 80
164 168 80 84
164 168 84 88
164 168 88 92
164 168 92 96
164 168 96 100
164 168 100 104
164 168 104 108
164 168 108 112
164 168 112 116
164 168 116 120
164 168 120 124
164 168 124 128
164 168 128 132
164 168 132 136
164 168 136 140
164 168 140 144
164 168 144 148
164 168 148 152
164 168 152 156
164 168 156 160
164 168 160 164
164 168 164 168
164 168 168 172
164 168 172 176
164 168 176 180
164 168 180 184
164 168 184 188
164 168 188 192
164 168 192 196
164 168 196 200
164 168 200 204
164 168 204 208
164 168 208 212
164 168 212 216
164 168 216 220
164 168 220 224
164 168 224 228
164 168 228 232
164 168 232 236
164 168 236 240
164 168 240 244
164 168 244 248
168 172 0 4
168 172 4 8
168 172 8 12
168 172 12 16
168 172 16 20
168 172 20 24
168 172 24 28
168 172 28 32
168 172 32 36
168 172 36 40
168 172 40 44
168 172 44 48
168 172 48 52
168 172 52 56
168 172 56 60
168 172 60 64
168 172 64 68
168 172 68 72
168 172 72 76
168 172 76 80
168 172 80 84
168 172 84 88
168 172 88 92
168 172 92 96
168 172 96 100
168 172 100 104
168 172 104 108
168 172 108 112
168 172 112 116
168 172 116 120
168 172 120 124
168 172 124 128
168 172 128 132
168 172 132 136
168 172 136 140
168 172 140 144
168 172 144 148
168 172 148 152
168 172 152 156
168 172 156 160
168 172 160 164
168 172 164 168
168 172 168 172
168 172 172 176
168 172 176 180
168 172 180 184
168 172 184 188
168 172 188 192
168 172 192 196
168 172 196 200
168 172 200 204
168 172 204 208
168 172 208 212
168 172 212 216
168 172 216 220
168 172 220 224
168 172 224 228
168 172 228 232
168 172 232 236
168 172 236 240
168 172 240 244
168 172 244 248
172 176 0 4
172 176 4 8
172 176 8 12
172 176 12 16
172 176 16 20
172 176 20 24
172 176 24 28
172 176 28 32
172 176 32 36
172 176 36 40
172 176 40 44
172 176 44 48
172 176 48 52
172 176 52 56
172 176 56 60
172 176 60 64
172 176 64 68
172 176 68 72
172 176 72 76
172 176 76 80
172 176 80 84
172 176 84 88
172 176 88 92
172 176 92 96
172 176 96 100
172 176 100 104
172 176 104 108
172 176 108 112
172 176 112 116
172 176 116 120
172 176 120 124
172 176 124 128
172 176 128 132
172 176 132 136
172 176 136 140
172 176 140 144
172 176 144 148
172 176 148 152
172 176 152 156
172 176 156 160
172 176 160 164
172 176 164 168
172 176 168 172
172 176 172 176
172 176 176 180
172 176 180 184
172 176 184 188
172 176 188 192
172 176 192 196
172 176 196 200
172 176 200 204
172 176 204 208
172 176 208 212
172 176 212 216
172 176 216 220
172 176 220 224
172 176 224 228
172 176 228 232
172 176 232 236
172 176 236 240
172 176 240 244
172 176 244 248
176 180 0 4
176 180 4 8
176 180 8 12
176 180 12 16
176 180 16 20
176 180 20 24
176 180 24 28
176 180 28 32
176 180 32 36
176 180 36 40
176 180 40 44
176 180 44 48
176 180 48 52
176 180 52 56
176 180 56 60
176 180 60 64
176 180 64 68
176 180 68 72
176 180 72 76
176 180 76 80
176 180 80 84
176 180 84 88
176 180 88 92
176 180 92 96
176 180 96 100
176 180 100 104
176 180 104 108
176 180 108 112
176 180 112 116
176 180 116 120
176 180 120 124
176 180 124 128
176 180 128 132
176 180 132 136
176 180 136 140
176 180 140 144
176 180 144 148
176 180 148 152
176 180 152 156
176 180 156 160
176 180 160 164
176 180 164 168
176 180 168 172
176 180 172 176
176 180 176 180
176 180 180 184
176 180 184 188
176 180 188 192
176 180 192 196
176 180 196 200
176 180 200 204
176 180 204 208
176 180 208 212
176 180 212 216
176 180 216 220
176 180 220 224
176 180 224 228
176 180 228 232
176 180 232 236
176 180 236 240
176 180 240 244
176 180 244 248
180 184 0 4
180 184 4 8
180 184 8 12
180 184 12 16
180 184 16 20
180 184 20 24
180 184 24 28
180 184 28 32
180 184 32 36
180 184 36 40
180 184 40 44
180 184 44 48
180 184 48 52
180 184 52 56
180 184 56 60
180 184 60 64
180 184 64 68
180 184 68 72
180 184 72 76
180 184 76 80
180 184 80 84
180 184 84 88
180 184 88 92
180 184 92 96
180 184 96 100
180 184 100 104
180 184 104 108
180 184 108 112
180 184 112 116
180 184 116 120
180 184 120 124
180 184 124 128
180 184 128 132
180 184 132 136
180 184 136 140
180 184 140 144
180 184 144 148
180 184 148 152
180 184 152 156
180 184 156 160
180 184 160 164
180 184 164 168
180 184 168 172
180 184 172 176
180 184 176 180
180 184 180 184
180 184 184 188
180 184 188 192
180 184 192 196
180 184 196 200
180 184 200 204
180 184 204 208
180 184 208 212
180 184 212 216
180 184 216 220
180 184 220 224
180 184 224 228
180 184 228 232
180 184 232 236
180 184 236 240
180 184 240 244
180 184 244 248
184 188 0 4
184 188 4 8
184 188 8 12
184 188 12 16
184 188 16 20
184 188 20 24
184 188 24 28
184 188 28 32
184 188 32 36
184 188 36 40
184 188 40 44
184 188 44 48
184 188 48 52
184 188 52 56
184 188 56 60
184 188 60 64
184 188 64 68
184 188 68 72
184 188 72 76
184 188 76 80
184 188 80 84
184 188 84 88
184 188 88 92
184 188 92 96
184 188 96 100
184 188 100 104
184 188 104 108
184 188 108 112
184 188 112 116
184 188 116 120
184 188 120 124
184 188 124 128
184 188 128 132
184 188 132 136
184 188 136 140
184 188 140 144
184 188 144 148
184 188 148 152
184 188 152 156
184 188 156 160
184 188 160 164
184 188 164 168
184 188 168 172
184 188 172 176
184 188 176 180
184 188 180 184
184 188 184 188
184 188 188 192
184 188 192 196
184 188 196 200
184 188 200 204
184 188 204 208
184 188 208 212
184 188 212 216
184 188 216 220
184 188 220 224
184 188 224 228
184 188 228 232
184 188 232 236
184 188 236 240
184 188 240 244
184 188 244 248
188 192 0 4
188 192 4 8
188 192 8 12
188 192 12 16
188 192 16 20
188 192 20 24
188 192 24 28
188 192 28 32
188 192 32 36
188 192 36 40
188 192 40 44
188 192 44 48
188 192 48 52
188 192 52 56
188 192 56 60
188 192 60 64
188 192 64 68
188 192 68 72
188 192 72 76
188 192 76 80
188 192 80 84
188 192 84 88
188 192 88 92
188 192 92 96
188 192 96 100
188 192 100 104
188 192 104 108
188 192 108 112
188 192 112 116
188 192 116 120
188 192 120 124
188 192 124 128
188 192 128 132
188 192 132 136
188 192 136 140
188 192 140 144
188 192 144 148
188 192 148 152
188 192 152 156
188 192 156 160
188 192 160 164
188 192 164 168
188 192 168 172
188 192 172 176
188 192 176 180
188 192 180 184
188 192 184 188
188 192 188 192
188 192 192 196
188 192 196 200
188 192 200 204
188 192 204 208
188 192 208 212
188 192 212 216
188 192 216 220
188 192 220 224
188 192 224 228
188 192 228 232
188 192 232 236
188 192 236 240
188 192 240 244
188 192 244 248
192 196 0 4
192 196 4 8
192 196 8 12
192 196 12 16
192 196 16 20
192 196 20 24
192 196 24 28
192 196 28 32
192 196 32 36
192 196 36 40
192 196 40 44
192 196 44 48
192 196 48 52
192 196 52 56
192 196 56 60
192 196 60 64
192 196 64 68
192 196 68 72
192 196 72 76
192 196 76 80
192 196 80 84
192 196 84 88
192 196 88 92
192 196 92 96
192 196 96 100
192 196 100 104
192 196 104 108
192 196 108 112
192 196 112 116
192 196 116 120
192 196 120 124
192 196 124 128
192 196 128 132
192 196 132 136
192 196 136 140
192 196 140 144
192 196 144 148
192 196 148 152
192 196 152 156
192 196 156 160
192 196 160 164
192 196 164 168
192 196 168 172
192 196 172 176
192 196 176 180
192 196 180 184
192 196 184 188
192 196 188 192
192 196 192 196
192 196 196 200
192 196 200 204
192 196 204 208
192 196 208 212
192 196 212 216
192 196 216 220
192 196 220 224
192 196 224 228
192 196 228 232
192 196 232 236
192 196 236 240
192 196 240 244
192 196 244 248
196 200 0 4
196 200 4 8
196 200 8 12
196 200 12 16
196 200 16 20
196 200 20 24
196 200 24 28
196 200 28 32
196 200 32 36
196 200 36 40
196 200 40 44
196 200 44 48
196 200 48 52
196 200 52 56
196 200 56 60
196 200 60 64
196 200 64 68
196 200 68 72
196 200 72 76
196 200 76 80
196 200 80 84
196 200 84 88
196 200 88 92
196 200 92 96
196 200 96 100
196 200 100 104
196 200 104 108
196 200 108 112
196 200 112 116
196 200 116 120
196 200 120 124
196 200 124 128
196 200 128 132
196 200 132 136
196 200 136 140
196 200 140 144
196 200 144 148
196 200 148 152
196 200 152 156
196 200 156 160
196 200 160 164
196 200 164 168
196 200 168 172
196 200 172 176
196 200 176 180
196 200 180 184
196 200 184 188
196 200 188 192
196 200 192 196
196 200 196 200
196 200 200 204
196 200 204 208
196 200 208 212
196 200 212 216
196 200 216 220
196 200 220 224
196 200 224 228
196 200 228 232
196 200 232 236
196 200 236 240
196 200 240 244
196 200 244 248
