500
0 4622 9550 1849 5312 4347 7869 7907 7481 4288 7816 122 1752 2288 2962 2327
1 6033 5409 8756 2402 9050 1933 5110 8931 4873 1218 5743 940 1418 7762 3982 5156 5412 1774
2 5450 3588 5816 4716 3563 2077 884 265 7779 4997 5727 1523 8809 2288
3 1670 5710 8960 1834 5941 3252 1977 3551 7808 6903 8346 2676 2699 7569 4971 745 5326 979 3894 2 2340
4 8538 23 4830 1302 6415 540 3392 3908 5436 2655
5 3737 6762 8167 1694 6758 2485 1128 4704 399 2839 2885 4877 4199 55 232 3543 6458 321
6 4214 9566 4835 9878 8514 8715 9197 4266 7453 315 8894 9415 8104 352 2340 2643 6101
7 8169 98 1122 2590 3974 6860 1941 7716 9121 5913 1558 8235 2085 732 1534 9270 1238 7133 1979
8 9248 738 6035 3372 2420 2548 3419 9855 4576 5655 937 6101 5458
9 9691 59 1964 725 1077 5691 277 6674 2110 2105 7732 7285 412 3023 8711
10 5929 7069 1757 6231 7490 9483 8195 7719 7329 8092 3011 753 3830 2589 1735 1181 139 9930
11 3980 5537 1678 66 350 9622 62 923 3195 2184 2643 2962
12 8122 6665 9196 8272 2795 3126 5737 207 9005 7353 2241 9347 5869
13 655 3747 5583 7881 5386 7702 1570 9013 4398 6292 4401 5391 5993 2720 9935 1530 2304 5572 4967 6547
14 4195 8230 9196 2958 5121 6899 6961 482 2574 5547 6267 5952 518 9244 7296
15 451 865 5447 1202 65 857 4139 9640 3584 7723 1921 2458 6161 2962
16 5156 9440 6763 7363 6056 4077 7443 751 552 1476 562 1925 6146 3101 7756 1934 6020 7153
17 3838 7006 2345 2248 5532 4720 6387 9459 6155 3438 8367 4705 6369 5748 5038
18 6628 6639 5327 8318 8738 6926 5006 7308 8334 7210 6161 4170 5885 4151
19 6397 4840 5363 5521 5244 180 9687 946 7689 7777 3214 2858 6537
20 4215 2067 9980 8340 5963 8571 7042 5019 2666 439 6597 4442 8135 569 925
21 1059 4187 2798 490 2930 5828 8548 8040 6665 6360 9470 8481
22 8595 3707 7296 6241 2985 8120 7648 8226 5368 9588 3704 5880
23 9298 362 7884 367 5010 2220 1572 1954 1077 6313 21 7641 9602 2346 9898 116 2892 4958 7 2666 6161
24 4974 5163 2000 1620 8331 4181 9956 5186 3064 7605 5217 4415 1718 847 4864 2790
25 4115 5785 2693 1014 3971 3615 7660 8171 6061 5451 4404 4013 412 6281 896
26 9668 1992 3299 6745 2796 9524 8394 5886 4480 7087 6613 399 9043
27 5158 7963 4097 6342 3999 2203 7875 2952 7222 1079 9551 6101 8812 9197
28 3349 4907 2829 1682 7893 2623 4736 7713 8845 7946 2022 6568 4531 6327
29 812 2177 2190 6349 6037 4703 1997 3184 578 7760 1355 1071 3964 9709 4035 1105
30 34 2499 828 318 2935 631 4744 1767 1344 5750 4967 148
31 4031 3256 2913 36 9321 4490 6148 7381 9008 8446 2740 9970 7652 3836 2555
32 8872 9583 4984 9365 2083 4444 7713 9367 7682 366 5017 2910 1611 2340 4923
33 2566 6577 2127 273 661 4287 9781 9318 5060 8092 3233 6046 6986 1625 6537 4340
34 3716 9988 1191 9458 8279 1276 3086 9218 1084 632 876 1353 8338 8836 4345 6482 2121
35 8023 7885 9312 6713 3573 4901 6641 5639 476 9598 1231 5898 8467 3490 6942 5248 3758 3521 6482 6327
36 3850 6150 5957 7789 6321 4225 2181 2486 7629 2430 2007 8612 3681 901
37 7553 7415 7195 5476 6370 2755 7003 2635 2938 2676 6879 2717 1238
38 410 3660 3412 354 5691 3908 7840 7723 6748 6022 8728 8722 4020
39 1115 2290 8152 7522 9510 240 5152 4830 4735 3584 7997 6545
40 1646 7347 9317 8972 89 1236 6133 4998 524 3486 7772 1091 1471 8092 6388 4784 3113 8599 6920 979 7
41 1010 4610 6058 3643 9493 3469 1146 7044 8247 2771 2195 3277 9521 3827 7864 3836
42 4750 7486 4450 4351 1501 9076 1949 655 9655 6456 553 5387 9443 2175
43 1365 6381 1180 7718 9798 6507 3649 8221 9146 49 9448 9878 3894 1871 8716
44 3989 3804 4474 4241 6420 386 575 5092 9953 5662 6355 7402 8562 2927 7240
45 9087 9407 8419 3464 9557 5437 2533 4068 2495 1302 9114 5019 1897 4523 3383 927
46 4293 5427 3419 961 3340 4176 4818 6992 992 3597 6482 4352 6327 1534 6134
47 5594 8740 6527 4812 374 3383 3610 8332 6650 3253 8348 3924 1026 6176 9235 4941 199 3584 7413
48 8013 8290 7463 5992 2294 5401 9276 4953 705 8905 1424 6047 6402 636 4245 3113 3792 5053 6327 2962 2340 7880
49 488 9804 9695 8890 8739 2346 9031 3177 6434 4981 2491 6496 3219 321 399
50 6542 2509 4344 2902 4496 5329 7121 7937 8710 5130 2184 395 8140 3074
51 4172 5679 7513 3851 5229 2381 7383 5907 700 3722 2657 5445 9129 9178 4350 8134
52 8298 2586 1763 9537 3292 440 3825 7156 5459 5057 3961 6300 5451
53 2606 3394 5662 7643 5043 8307 4743 5312 3389 1378 5526 8169 5896 3319 634 1984 8209 5339 9979 3074 9903
54 4148 1323 7010 1767 8699 4908 7811 8758 1814 5481 2319 868 3700 7088 5848
55 2852 2212 4431 7470 1890 3780 1353 8924 895 8585 4436 1876 2343 18 1091 5677
56 2856 3787 259 2956 5023 4490 1450 4183 7289 3672 3714 6694 7121 4087
57 8422 2925 1071 5789 9948 3422 2788 7408 5292 3471 1358 5887 2486 8431 4035 4326
58 9507 6793 4791 2059 7427 8523 2191 6121 7268 367 5643 3989 4340 4901 2013
59 5797 3169 7491 8268 9138 6840 6597 8071 2632 5440 6070 2184 6144 4669 9441 9129 7438 5848
60 4496 9811 9634 3757 9 1537 8029 9874 3822 6810 7788 3429 2668 3885 9075 2643 5507
61 550 2485 9389 2963 6357 6953 4148 9617 6186 1383 926 4914 8722 6049 8491 3894
62 1902 6941 3602 6034 9327 3642 9785 8637 4357 3244 5937 1009 8696 3653 8726 7997 9007
63 5948 2504 8216 2028 5550 894 1952 1090 3188 7795 880 1514 2322 732
64 1628 360 3031 9666 6144 1758 3706 4496 3654 7360 7133 1829 8169 3537 2318 7699 5962 9199 3783
65 1600 2631 8084 5046 5177 2963 9865 702 6991 1080 1871 7822 6534 5270 1986 2209
66 9897 9755 6028 2175 7119 5712 5786 8388 4458 250 2478 4684 45 7929 8234 9615 7333 6030 4527
67 578 8882 9968 9172 1275 7836 2828 4548 6385 4774 2617 7648 6940 8233 7948 2030 5270 1557 310 4286 6021 5715 9244
68 7786 2687 9935 3857 4909 7453 832 2258 1348 6433 8125
69 6609 5503 9445 7544 6364 1800 9488 8392 6085 9591 2224 8830 2013 1625 2240
70 9728 8952 4849 8933 6497 6247 2012 9208 904 4257 1400 8116 4624 2240
71 4801 6522 8653 3442 6205 7726 8940 1017 8926 412 6810 1429 8663
72 2596 2830 1349 3923 4079 1205 5070 1796 9833 6948 2668 8445 3935 9518 2175 1731 1454
73 5503 9768 4924 6752 2872 731 8942 9834 7663 9085 1580 4948 4255 2523 2910 4491 1668
74 8979 9067 5552 2100 6741 9163 874 5885 5050 1168 240 5445 9957 1929 6101 6258 5902 4870 1134 2327
75 6053 4970 6478 8722 4304 874 2369 5302 766 5415 9856 6748 4891 3700 1365 2288 6778 7296
76 1481 7090 8735 4645 2329 7004 4463 6351 7763 7201 1467 7753 148
77 1047 6691 2953 4561 9953 2519 6915 6168 460 6587 1232 1195 7984 3758 2 1343 79
78 2707 3015 5880 6115 5146 7279 2982 3496 8714 6396 2963 3604 5467 4742 1831 4901 8644 2327
79 9106 5836 1299 7226 6248 2805 8579 2987 3576 3465 9305 2821 1443 5088 2515 5193 7736 5251 1429
80 4186 2436 4934 5295 4787 9608 9674 6575 5887 2565 2116 6825 831 2721 7852
81 4613 1066 3797 1363 2882 6988 3101 9963 6569 8940 8538 5948 7459 311 9224 7709 9160
82 3273 6476 4841 5607 4878 7348 3867 5660 8744 9988 4992 3215 4684 9943 9688
83 4319 6395 7306 7185 2850 1548 563 8758 4031 165 7392 4035 2240 427
84 3807 4209 9710 6003 6320 6339 1617 8346 4177 670 4859 9139 9025 2155 5099
85 2584 1162 6954 3966 2928 7650 7592 2048 9848 6356 5849 5090 1149 3073 3316 9834 2327
86 4607 7718 7233 5548 8861 7629 9172 3333 1571 7784 246 4420 2484 1058 552 3103 5239 7880
87 3665 3077 7799 2817 7839 6112 9766 3084 9676 2918 7686 5779 4558 6613
88 7323 1494 6869 5246 3376 1281 2577 3342 8698 1898 5500 5053 553 225 8895 141 4092 2342 8387 9615 3830
89 757 5326 242 6027 9305 6686 1020 7556 9241 7307 3896 3543 9347 569
90 5374 5533 2644 3583 8097 5085 5400 6589 6718 7367 9065 4213 6932 8164 259 3427 7266
91 2621 1361 818 5861 7837 9069 7860 6325 6812 6153 7270 4709 6608 2060 6139 6613
92 6709 7738 3655 6625 3860 8605 4159 3294 6265 1426 4619 6778
93 1845 3722 4880 9529 8033 8588 7345 2803 1668 240 9044 7880 5677 663 2439 7267 8284 5917
94 8859 202 915 7306 3772 108 9428 9454 8183 2502 3447 4012 8975 7095 518 7949 2662 8722 2555
95 6258 5929 3776 6000 2263 5562 2115 4457 1168 9210 5644 1423 5026 3543 6014
96 433 5353 2231 5415 9048 1255 9676 3931 1039 553 1871 8248 8605 3752 3146
97 1674 5923 4301 2389 3796 8459 3573 5946 3553 1542 8521 5269 7180 2867 7206 199
98 7248 288 2562 1732 5983 3670 2504 3962 205 1625 9968 2904 3728
99 9154 7134 2981 5649 3672 1881 6444 7755 1937 1841 9354 2791 7992 7762
100 9269 8010 213 3508 2313 2567 1328 8367 4349 4630 7787 8702 2240 5412 2288
101 2190 5592 9021 9742 496 2203 3398 2219 3909 6610 704 8186 4242 7097 5948 1601 2121 7240
102 794 2169 580 8074 5075 8677 2802 6653 122 9714 2518 3468 6405 4289 2704 7997 3894
103 883 8388 9457 6676 4354 6125 8471 8800 2875 1749 1689 5175 6374 3329 3079 8241 6921 9615
104 7330 6035 2491 7484 1735 7993 6401 5109 2490 7786 1643 302 4091
105 3243 8105 1799 888 4887 7474 7754 3351 5829 5169 4591 5445 8249 3998 6324 8756 3146 1256 5869 9244
106 6341 2640 5379 4180 3605 4041 339 725 3068 7251 9187 7698 7361 6855 6029 9139 8293 7883 4020 1238
107 5511 6780 461 1835 2564 3897 1048 587 4775 4872 4402 8212 9374 9464 2892 4314 2121
108 5687 2880 5781 8021 6315 3587 9615 2721 5523 2329 9944 1607 2668 141 4985 7120
109 3005 4419 2972 7160 7210 6925 1662 3100 6568 2664 1090 3810 6453 9731 2240 4314 6134 8832
110 3586 1408 2325 5809 9902 8902 9488 1278 4280 678 4999 3932 9549 2600 2630 7413 6030 1534 3830
111 2934 5548 2074 9696 3111 963 77 3018 4647 3061 1354 8275 8150 8752 7426 6317 2486 6014 3207 6258 4886
112 9466 2412 1867 5554 4806 517 2243 4638 4020 4130 2002 4780 1625 9842
113 4688 1637 9420 8458 5192 8878 9547 7595 8676 2463
114 1496 3510 5804 6601 5155 3336 7480 5831 7 5126 4260 8887 8903 6382 8362 5654 1299 8055 8423 5531 719
115 2083 3797 8135 7791 9988 280 7118 9861 7029 598 7598 137 2558 2270 6216 4909 183
116 6796 2602 3362 8264 2385 8011 9543 7548 9818 6482 2962
117 6066 2776 1081 9966 5138 9102 4683 2974 7471 2401 8812 6102
118 2469 9475 2161 7776 4037 5226 4754 3473 9044 5413 7142 3877
119 4994 7223 3815 6616 9189 5867 4934 176 2252 6130 462 3905 8396 7438 583 9842
120 612 8249 8253 2030 8213 6828 1455 1020 2284 4517 5866 3936 7153
121 5214 9602 3746 9835 8051 2644 2580 3729 8803 6056 792 8816 3234 1880 7521 4958 4352
122 1664 2329 8522 5001 1032 6739 5636 6817 7201 196 2228 8027 8649 6141 1091 9968 4909
123 764 22 8816 7851 1953 5829 9556 6663 3408 267 4351 3145 2555
124 5059 9428 4158 8583 5391 7352 7847 9263 7987 8195 3073 1796 6701 7320 9407 1900 5962 5063 2 511
125 8595 5901 4143 8391 8720 8178 7214 7167 9859 2598 871 3077 3326 9615 6537 7883 1984
126 9810 6144 1170 7245 718 618 3426 8659 5705 6616 992 3077 6404 5322 9903 1429
127 2602 3846 2148 5829 5450 4391 7131 4825 2639 9848 6296 8134 4326
128 2144 5245 6693 5522 4213 266 9156 2785 7947 759 1053 5029
129 5007 3619 4623 7358 955 7628 7481 1431 1250 4263 2773 8105
130 8893 706 1146 9700 4018 4837 8208 8507 1407 600 7790 1216 8794
131 5296 2119 1040 3667 8831 5917 6260 2183 2521 3024 5403 5500 1708 1774 8284 3586 3074
132 7942 1202 2824 9001 4763 7215 2071 9167 1509 8055 3111 3074
133 3163 3959 1176 8075 6946 6836 9423 5552 2639 8150 746 2609 7406 7841 4036 7296 1299 5962
134 7852 8056 1280 5705 4619 4475 5886 7879 5965 5728 541 9181 1496 8106 3982 6306 9007 2790 3830
135 4875 638 9011 3132 6545 7979 3596 8528 4239 6370 718 3665 3746 9436 8196 4188 321 9615 541 7732
136 5968 6281 3549 9400 9101 4004 3902 1011 616 3081 305 2431 3543 796 8693
137 5620 7560 1220 9266 6062 5007 6265 132 7147 7785 3936 8071 707 6896 7653 3750
138 5584 1401 6496 2730 6364 8965 1991 8644 1172 4442 286 3946 8927 252 2199 3866 6576 7379 1343 6030
139 7231 6872 220 8159 2192 5003 8249 11 2467 9576 1890 8069 552 1774
140 4461 3745 1175 3593 6794 3319 1681 7739 6734 8096 3417 7933 4129 1117 8130 6482 7699
141 8965 8225 2202 9524 3050 4910 8240 9948 2837 6790 9973 6438 7699 9036 8062 5677 1105
142 7904 2228 7500 6762 9640 876 7510 4324 6011 1562 7499 7452 1554 4372 8020 5449 7742 5072
143 9320 4470 8673 9487 9956 7837 733 218 2500 9047 7089 5431 6477 2349 7413 5326
144 6563 4182 915 4172 8067 5495 1212 9188 6023 2799 8716 935
145 3404 7174 3438 3877 8960 3053 9191 1892 9557 956 5431 3101 6285 3723 8651 7438
146 2256 8399 844 9839 8408 4378 7625 9035 5472 9380 6187 3160 9032 3509 3521 6029 1984 5880
147 7695 8464 2803 611 5029 3635 291 3167 8289 3025 8469 7146 9464 6970 352 9023
148 5909 8523 9933 7492 4341 2506 4185 178 8455 9928 3333 9159 6101 2951 6627 1934 238 5326 4199
149 5280 760 5884 9040 7228 8170 3330 7116 4126 2696 8770 6608 2628 1865 3648 4493 3842 8797 7285 7429 1145 6101 6613 3936 5848
150 5907 1776 3002 3429 1652 1695 6514 6730 5565 2553 3435 4695 468 2123 2513 4958 3012 8994
151 5362 955 9244 3370 3376 6646 8786 1345 8897 4490 5676 9414 9640 5179 7641 3909 8491
152 6635 3153 2326 1458 9087 2915 998 7036 8927 4711 2298 2856 9950 7597 8055 4313 1524
153 344 2730 1342 9440 3392 9372 3031 4693 1565 4983 6889 5656 457 7771 2704 3758
154 1555 4262 6275 8980 8060 9342 4822 8753 9935 2262 3627 6068 7575 7219 2288
155 3465 6497 6498 6105 6157 4739 2239 6312 4656 7201 4283 8212 5064
156 4380 4761 9006 4657 7581 4396 8016 6903 9137 6630 3982 1668
157 8617 3523 2140 3538 3306 4189 4870 1303 8683 1430 9268 5984 3111
158 6653 7116 6132 3900 322 1916 4347 7975 4511 2399 4755 7425 935 2043 9742 8495
159 1460 1356 3484 920 4987 7072 200 484 4246 1129 2971 9007 6014 2128 8130 9013
160 6990 2669 2424 7057 8436 7044 5532 6213 2172 1226 763 6895 8487 8125
161 7736 9823 3715 88 5738 676 3977 4055 9634 9204 1037 3005 8852 5448 4418 3203
162 1302 3016 5815 3240 9586 3291 5737 8617 7570 9607 405 8722 6161 6267 4632 494 169 7948 4698 2464 3498 2630
163 3614 2614 6558 1978 1279 9231 2028 3656 71 3555 2305 4507 325 2892 4348 7949 7883
164 4284 2099 1715 659 4409 1793 6379 2770 7925 7177 8062
165 9763 2736 6067 9759 1452 6545 2563 6029 3969 9158 2492 3049 5097 4081 9406 2302 7198 6962
166 2342 131 3418 9861 657 171 7474 3453 4021 3946 184 636 5225 9709 8671
167 4339 7099 1161 2560 490 6653 2607 3596 5317 4402 1098 5048 8780
168 8076 9437 3387 1165 8405 4203 5473 4931 6843 6939 2651 6785 1784 9533 321 745
169 5407 1327 4542 30 3353 7721 8753 3084 9876 9856 9977 9271 6875 3561 2013 321
170 4736 3649 6924 3351 1160 2463 9673 5525 1555 8097 7058 105 6502 9709 7153 7699
171 7321 1721 8913 5624 8272 5456 5013 2583 3087 9156 84 5564 6584
172 8295 5011 5515 1686 9068 2719 2566 510 856 9050 8195 3172 9903
173 9226 3144 1950 6647 9770 6325 5479 8233 5092 1558 1445 4507 5551 9265 79 369 865 8005 4020
174 6765 1175 4495 260 4641 8358 1080 6167 6697 1185 6121 4347 3020 1774
175 9330 8145 2483 8424 6952 3584 1912 4202 7262 7748 8666 1942 9510 4153 4698 7861 7053 9071 527
176 3283 3210 7818 8487 1006 6127 2386 7569 2575 170 4985
177 3636 265 8527 3816 831 8313 952 8328 9921 9942 4948 6986
178 3904 9558 4741 5406 3644 8840 4391 9825 1366 5609 8963 9222 5483 1699 3012 1611 4035 3885
179 9327 2370 4859 3918 1035 3048 2103 2653 3747 7454 5220 9627 5413 5434 3795 9199 412 5643 935
180 1803 3505 7313 7236 9026 4367 3981 8420 8640 9640 8118 9926 6014 4107 3936 4531
181 8781 5611 9405 5706 3461 8036 1534 7028 8464 8103 1555 9290 9965 6074 3079 1557 2260 3728
182 8109 7560 7591 7318 2005 3764 7763 6964 6599 5116 786 4523 1150 9632 79
183 5563 6705 8056 8463 5277 3720 581 6373 8748 1380 9766 372 8332 8387 8284 3226 8041 7173 3408 7234 4362 527 7864 2114 3144 7997
184 6042 7606 8188 6049 308 4541 8465 7647 1184 7548 5227 810 7980 5039 8209 5097 7029 9443 4526 3936 7949
185 6043 2747 333 6523 1253 4042 6784 611 1208 8017 9330 6190 713 5869 5451 5848 3032
186 4594 945 4583 6109 6743 6776 7038 3106 8199 196 4905 6374 4180 7575
187 2960 6187 9093 4049 2070 4341 6255 5659 403 2309 7055 5698 3969 9922 4539
188 3973 9657 2138 3867 9761 7523 6948 6147 6982 9023 8068 6134
189 9508 6630 7839 6807 3200 2556 5612 3747 2426 8864 574 3423
190 4627 8744 2896 3018 1625 3709 9478 5353 6680 5553 4644 8984 7285 3238 2121
191 4728 8828 8789 3123 8298 5538 472 8434 3579 5257 1973 9216 3784 5341
192 6824 6712 7586 3946 9627 6166 5008 9805 7020 3401 7027 2264 8691 3050 7736 3316
193 5155 1632 6221 6511 6340 4528 167 8551 2482 9619 677 3185 9993 4679 8431
194 8827 5179 759 4671 3934 6581 5418 8542 7766 8716 790 8373 1656 46 2526 2643 4035 79 447
195 2289 3532 8682 4589 1304 1717 9241 8566 2522 4416 7752 8612 6687 3584
196 2680 4832 2930 219 997 766 7591 9658 1919 9754 9898 4528 6283 6786 541 9842 5248 2986
197 7307 765 4225 8432 3764 895 2979 1435 8142 8728 4654 1847 1670 1252 6538 4314 7736
198 8224 9858 3608 3232 7065 9686 6856 9027 790 8623 9072 5004 8832 1149 6547
199 2432 8836 1194 3597 7491 1324 210 7839 2128 7256 371 6944 9995 8498 7123 2304 8910 6101 1668
200 5865 9711 3541 5392 4137 9170 1745 1331 9851 3291 6538 8830 8812 3830
201 3749 652 7430 3739 2078 444 210 333 2338 6447 2870 7078 5846 2444 1546 9461
202 6555 294 1597 9420 376 2051 727 1359 5107 7200 575 3981 5848 7153
203 8746 2129 8999 336 4121 6449 1743 1830 7000 9833 183 9453
204 9735 5795 8484 9702 2777 3786 5218 8712 5031 3127 1793 5514 7867 8622 1498 4606 6675 9075
205 4310 395 4386 5856 4511 6102 7865 5940 5943 9351 6221 978 2158 9107
206 6331 212 2585 3876 1462 9863 6578 4438 893 1453 2537 5239 4352 4985 4326 7699
207 8871 8464 566 9171 6224 201 8334 9832 1922 9555 1273 5406 1800 4106 9777 4901
208 8305 3095 4463 9330 4477 3557 4754 6010 9332 6960 6852 5536 7116 5840
209 7317 1702 7420 7624 7346 7639 1662 1516 8975 1195 2 6458 4664 3758 3894 2773
210 3783 7859 4777 9763 9300 2020 1479 9232 608 4005 2275 6677 9244 6613 447 2555
211 7066 1773 5680 165 1888 9430 5964 1774 5618 6031 8526 2146 8515 457 6538
212 2911 9403 2430 5084 5000 4538 9887 2145 6509 1752 1528 4730 5448 4180 4664
213 7909 7162 7510 3288 1793 9331 1387 1410 220 741 5589 6320 4399
214 8937 4586 4345 1145 4552 4217 6478 8278 727 4124 1346 9943 4951 135 8470 5869
215 8588 734 6183 7843 8410 2628 3628 166 6627 9483 7742 4901 4311 3584 2962 7949
216 2186 7986 155 537 7279 3991 2760 9351 2395 5812 2418 7713 7736 9199 5507
217 2426 3214 9972 4650 2081 3535 7074 9015 5842 1309 2900 3982 867 1763 352
218 5085 1398 396 686 825 723 9614 5109 2220 2389 9674 1607
219 4136 1719 5375 6743 4560 5195 7076 2029 1639 1665 8451 2562 6338 583
220 3822 4243 2552 2082 6658 9950 9169 3320 6413 1293 4799 6174 1235 6460 3505 247 2422 3543
221 9316 132 6560 5749 5220 3217 7213 7013 9522 9534 8045 6619 949 2121 7732 79 5748
222 6253 7360 1316 3249 9079 7675 3506 2433 42 6115 3049 609 3936 8212 1984
223 8342 2361 2722 2033 372 329 8004 4230 2243 643 4380 9023 2744 259 7597 6101 3023
224 2553 72 2272 4140 4597 3548 7339 9215 7501 5698 6799 7413 1405 8406
225 144 1431 5394 9694 1602 5849 786 8571 1350 4661 3376 9940 7829 2666 8498 7902
226 9729 5621 9895 7556 8173 7069 337 5840 6521 2402
227 3531 7914 5462 287 7741 2887 6318 2553 7650 3999 7314 9014
228 2044 6042 1405 2191 5568 5509 454 9485 1421 684 4187 3245 1799 6130 3077 2340
229 5365 5430 4183 1114 2472 6545 2722 9955 1350 6000 7746 6453 427 2327 9404 7296
230 8211 8295 9047 441 2082 6521 4757 9834 4511 7046 6311 2751 3253 7736 2292
231 7482 2353 4483 8973 7401 3846 4904 2150 2610 6606 7289 5677 5748 979
232 2015 5388 6609 7269 2164 9637 6972 7043 5805 7602 4134 6827 935 4985
233 1281 4837 2188 4123 6488 4667 436 8678 924 7708 2586 9677 745 412
234 2701 39 760 291 6818 4301 5783 7318 9651 5534 9374 4724 9745 3111 8812
235 3310 530 29 286 5016 8241 1055 6720 7038 1134 8387 2943 4985 1868 7762
236 8707 8604 3202 7770 2228 1135 8051 2709 943 3124 5307 6061 1134 6141
237 1600 7445 9513 4708 3692 3260 9626 258 1868 1523
238 9525 2327 1201 6794 8649 9712 5796 5584 2897 3347 9576 4058 7791 7179 8491
239 8742 3722 7206 7353 8943 7173 4792 4259 4920 2624 9338 4923 9652 552 8251 979
240 7632 3624 8858 4784 1224 9393 8961 7637 5651 1693 797 3714 4945 1476 7105
241 4107 2460 6221 8859 7629 8069 2064 3836 7059 2726 5898 6033 3391 1874 6558 110 5515 3125 2327 88 652 7795
242 9897 4927 3146 6587 7121 8461 7912 8888 7149 5324 5350 9238 5027 8174 6672 8125
243 5862 1562 1046 9843 9939 995 6733 9935 5523 9256 1456 7586 987 3842 6495
244 6116 2735 6248 5201 9416 2421 2707 4215 1866 1697 5743 2240 4247 689 6251 2595 3032 8387 8832 5507 7153 2962
245 6640 1298 3051 648 6116 5384 5546 2357 2683 9018 4132 1917 7008 1181 838 3877
246 7224 8542 9034 5055 493 421 6878 7155 550 7254 4901 1396 3602 2643 7864 4352
247 7480 8923 5477 9226 7528 7442 5248 7081 7037 9970 5929 6527 7688 8994
248 3097 136 6065 7218 956 9566 7880 3613 4091 9091 2156 5454 9883 8302 1429
249 5715 6877 6417 9715 6278 1273 1792 2062 9131 9590 427 7762 3012 8387
250 1963 2973 7611 1316 2778 2603 6718 3584 6746 8518 4814 4974 2147 955
251 1277 2816 4386 4759 5251 9818 9386 310 2427 7663 2848 6301 6538 6534
252 2596 7902 930 7353 2737 210 3735 3656 3434 4115 6448 7547 8670 1490 3704 79 5340
253 7358 835 2593 7604 7119 4294 7326 6851 2982 505 8043 1841 8133 936 4045
254 2093 8498 1282 8960 9215 4446 7556 5307 2047 3180 1668 9714 2960 1762 7290 1058
255 2712 7308 539 7925 6012 4786 6578 5435 6384 9823 9573 1904 3758 8830 412 1238 8994
256 7163 2152 3320 4113 8965 8350 9109 2509 2582 3524 3847 9418 5471 5446
257 8566 4559 7758 7561 4803 8638 3480 8962 3283 2403 4011 7039 7026 1956 1134 1791 1774 8145
258 7953 9056 5103 4055 332 2622 4804 5162 7371 4232 5358 7904 1244 8267 9842
259 1958 7849 1785 6375 5447 3315 2282 5880 8759 3413 8107 935 7992
260 4304 6974 6607 7026 1657 5871 551 8609 3542 7041 5667 5195 3703 9199 5064 7762
261 9820 1445 834 6045 5093 1588 1638 5578 4483 6356 770 9660 9159 4579 7771 511
262 3121 9683 1574 7698 6937 5618 4737 2862 7963 9139 6506 8405 1912 4855 8812 3586
263 7751 1034 4891 6862 7743 503 1195 2798 7525 2536 5504 9585 7507 8220 7601 9129 321
264 7205 7627 912 833 1718 3377 3774 6572 9068 7806 2494 3835 9842
265 3194 5478 7503 3325 1710 3067 475 8854 2781 9510 1209 6252 7136 1353 5492 4277 2422 2
266 9451 6302 7380 3791 447 7022 5725 6742 4430 8547 6547 9723 647 2304 3837 3377 7153
267 4750 2258 8854 2318 8206 4788 953 1880 6218 9052 9153 9042 4230 300 2322
268 9912 4450 3803 6890 1142 473 639 7504 2847 3860 5093 5797 5583 5292 7968
269 2424 5105 83 6587 263 703 2717 3363 8672 1808 5684 419 9404 8512 2513 3089 745 4558 1979 7933 3163
270 1361 9816 5240 8199 2949 3740 4711 9707 7127 9225 4709 8713 8994 3877
271 8909 6507 1181 6176 9818 8358 4988 9787 8042 1072 7939 5502 3808 4746 8677 9848 2155 3982
272 2032 3152 1081 1940 7961 948 2998 5527 8764 5926 2210 14 4760 6054
273 8864 4464 141 802 3389 5806 9963 7787 3538 6095 4326 5525 3706 7150 9586 4171 7012 5869 9270 8644 1343 321 1429
274 9859 7248 8594 4562 7377 4851 3307 6467 4797 779 4259 1267 133 4749 7240
275 6659 7489 9711 9800 4899 6663 1798 9856 2026 6160 5836 6967 7541 6134 6920 6817 753 9270 8293 9244
276 1982 231 5859 6972 2872 5493 6481 7671 6915 138 8209 3561
277 7792 8646 7552 1927 3274 4241 5525 3724 4555 9650 7077 4035 1289 3316
278 6368 8390 8911 4229 9770 6381 2042 2024 2324 729 8212 2294 5219 4901
279 8937 7063 8975 273 2829 5629 5393 4054 9863 2409 3711 719 6327 4377 8994 5401 2288
280 7641 8276 9954 1205 4111 5446 3688 5330 1949 5586 9579 647 4558 3006
281 7784 9350 3599 4824 1996 5211 8664 3479 4066 5611 718 5257 5443 1375
282 300 5929 8990 8750 1495 448 4579 5474 8040 6723 2102 2252 5715 8307
283 2846 5751 5920 2962 5069 7364 6951 5711 2613 3759 8356 8250 9703 4134 5053 3758
284 7569 357 8188 4284 6562 8595 7240 3140 4293 2939 8032 9702 8958 4326 5340
285 7234 4757 3097 9397 3873 9905 9274 1822 3748 199 6936 1409 9728 9392 8816 6538 979
286 6050 3420 3287 1510 4265 1626 8617 7214 5434 8521 1079 6534 3023
287 8428 883 6953 6959 719 6535 3591 2276 7765 4291 6877 2768 5502 3630 4679 6101
288 5109 2082 9895 5858 9470 7624 644 4901 7770 9081 8425 1855 1496 9461
289 2491 4897 148 9341 8314 1043 6694 4376 3292 5129 4076 8158 1759 9160
290 5235 2089 2130 4585 6030 6176 8307 7274 2314 4379 4286
291 7907 7784 2458 1687 6214 4460 9422 6909 3682 1247 952 1984 2340 7517
292 3778 7701 5522 9653 2573 2340 3612 3005 9733 7957 23 603 6404 4626 7193 2 6101 1774
293 9459 5293 7861 60 555 7564 681 6250 3085 5479 402 5742 1042 7099 6296 569 3012
294 8827 8131 4937 8119 1805 8797 6971 3376 3543 3645 7001 1958 4383 7883 3732 5334 4352
295 3339 2992 7022 2180 7185 764 8245 1310 5146 8580 9029 4620 7981 9533 7652
296 7317 3153 6547 9592 417 2614 8170 6282 4648 6257 5798 9777 9693 8506 5099 4341 7699
297 400 3806 6242 2751 1157 2835 7066 8159 1175 3065 5155 5245 2760 8838 9178 6327
298 4772 7208 336 9508 3079 614 1795 7972 5537 4177 3869 376 1195 367 1668
299 958 6636 3902 8674 3637 4015 8057 9130 1060 3744 2480 9908 3869 7474 5715 8431
300 7309 9993 1577 9511 6935 9602 3090 1784 896 9413 6684 8325 8296 2732 7806 5322 523
301 3502 9641 7069 9739 271 9206 6953 2893 5573 540 6739 2743 5052 188 6827 7933 8193 3074 9199 7883
302 8281 7543 5008 7426 4271 7025 6709 4083 2413 7374 3758 3163 1984
303 7963 2008 3870 4097 2641 4938 3012 2419 2465 4204 7488 4531 3077
304 8427 8637 9364 4340 9351 1834 4388 6529 9126 3886 6527 7285 5072 7669 2615 8193
305 8157 4661 9744 6424 5825 9019 1276 9230 9886 8620 8271 9639 7331 3261 8696 3823 5639 2513
306 3128 2279 6880 205 7991 6378 5720 950 3964 1008 6530 1511 8228 9265 2304
307 9292 5292 3827 8361 9283 2909 4609 1340 4559 1102 7242 2620 7023 8896 523 5099 5762
308 1201 9923 6412 5519 8349 9862 4553 6829 3301 7552 7072 9848 7709 6258 1105
309 8997 7495 5663 5112 2494 325 7021 6105 5675 850 3263 9969 5446 1036 9461 9623 2155 427 8104 3316 1979
310 6414 8399 1285 5887 2706 9360 1893 3094 1139 9401 132 447 4134 4664 9075
311 2979 9574 6292 6882 5178 724 7784 9532 4867 4027 4087 9795 3251 935 7438
312 7606 7676 7517 7006 2700 7525 5936 6703 5349 9458 9035 6470 2565 6082 9533
313 1320 582 4133 5143 9649 5414 1711 9190 6351 1874 7366 9636 5909 8686 2392 9013 8528 8994 6101 3894 5507 3074 9007
314 7769 8762 2435 1024 8370 6236 2640 9539 3710 6896 4253 9844
315 4659 3871 2780 7577 9065 4320 7923 7310 2672 1217 4870 8908 9518 8922 4314
316 1441 7536 4034 4243 6370 9477 8367 9931 1230 1578 2203 5182 6684 5969 6613 8293
317 4295 7086 1226 6434 2229 4553 1071 2825 6439 9820 3262 4117
318 8858 891 5617 8200 2453 4023 8681 2111 981 1014 2806 518 8452 8104 4679 8431 7296
319 610 9288 2983 7816 3003 6834 1092 6023 5850 5157 7192 7790
320 3745 5737 7923 6005 3390 3418 2622 4981 1702 1757 1984 6404 7517 5219
321 9671 2120 4565 8175 989 4917 391 4590 3866 2144 898 3524 9199 1534 3758
322 1335 9044 491 1403 2635 8931 2267 7897 9275 8929
323 6893 2125 8964 8308 7413 8850 416 877 6934 17 1442 364 6986 9669
324 9194 5950 7164 8059 2501 7237 8213 9762 7787 3681 1846 8539 2264 1515
325 1854 4326 6579 5085 761 2354 6681 7774 8785 6919 6573 6889 4352
326 5486 2997 182 2550 7945 4490 3897 6036 460 5762 1091 8431 4035
327 9199 6389 2834 3303 8074 3940 345 3820 9350 3318 1239 1038 8209 8644 9533 4801 8994
328 6127 2070 9693 1639 9999 3014 8138 1425 3835 2900 1750 2003 553 647 7762
329 6057 500 7542 6598 4908 3469 3670 2574 4019 5646 2705 3842 3023 3229 8491
330 3942 2860 5958 5257 7569 174 9392 1878 7213 4431 9273 5384 5925 2479 1592 5906 3665 4180 9160 1353 6014
331 783 8186 8779 4517 8457 1444 1127 6913 6292 6302 7201 7101 4244
332 3456 3883 6027 1882 851 7977 3058 953 1769 7690 6564 8579 9573 8994
333 8032 3793 7625 3829 7231 2499 6119 3536 925 1979 1134
334 2938 2741 5754 8425 3401 2191 3291 8951 1402 7885 5852 4769 3783 183
335 4358 1339 2828 4965 9199 8768 2951 1621 8338 5406 8549 9029 2168 7055 3320 3288 1459 1922 847 3012 8922 7438 4035
336 5093 632 5686 4448 9833 3469 3835 6633 9391 6389 5064 7652
337 5741 3121 5275 2636 4973 8716 1295 7561 2279 5596 1436 257 3967 2401
338 66 1123 4735 8971 8223 4363 8858 2885 8849 7908 7377 8549 4855 2121 4314
339 5429 5469 16 8722 9933 1648 2673 3726 6665 6811 754 6519 3717 2263 7153
340 4370 1163 6385 8125 7258 1357 1819 2695 2220 774 6815 3885 2288
341 359 6997 7801 6376 161 1978 7013 366 1920 5842 2538 3035 6328 8125 264 9199 1871 5962 2666
342 1826 9856 5523 2126 7873 528 9388 3997 8741 9736 7185 3707 1920 8406 3877
343 9752 4971 8744 7975 7003 7058 6425 7410 6448 758 2669 5386 8212 9301 4442 8431 9545 7699
344 1099 3382 9041 5465 361 210 8391 7210 9716 6888 8332 6260 502 2873 5668 9007 8140 8069
345 2055 9664 6232 4282 3362 3625 7181 2544 5619 4169 532 8569 7622 3144 3936
346 9123 1946 9274 8831 3404 2998 3461 7494 8067 1788 3184 8722 5437 3074 4901 7949
347 297 4417 6492 1734 788 5743 3781 1265 5051 4963 1444 5013 4959 2064 6920 9533 76 5862 8005 8663
348 734 8297 3125 8416 8587 4871 6149 4198 1501 3158 7725 2553 849 5755 7172 3869
349 7925 7547 8208 6590 696 6351 4240 4811 9123 9293 8634 7852 7240
350 8566 2711 779 1590 9204 9123 8728 7061 1773 7274 2398 9609 135 7950 753 7267
351 93 6024 2680 1091 505 1394 7939 7525 337 5172 574 1082 8108 7713 3528 4457
352 8850 1049 5350 3978 2341 4084 660 1672 4559 4489 8535 7036 3496 5748 6938 2630 7949
353 8758 7197 6783 752 7413 1613 6264 9303 9311 1027 1538 868 6331 5739 5553 5857 9669
354 8935 84 2752 4583 8514 7256 8761 7858 5657 5457 1669 5395 226 8530 1942 9265 3586 183
355 1308 6055 2530 242 6841 9370 6529 9015 1994 2240
356 5961 5209 3126 6693 9681 7525 3704 6492 1599 4740 5556 8884 6001 4056 6797 6404 9848 1429
357 1496 932 4026 674 9764 1835 8994 2820 4225 7927 3370 1151 5688 5884 1524 7001 5412
358 3227 9676 3958 9989 3151 4173 7878 8740 5336 2242 3629 1505 6262 1105
359 9852 1649 1553 5925 1764 3309 2417 2289 5475 1638 7491 5157 8263 4168 420 9848
360 598 8514 3794 8057 6525 5400 1246 3834 3849 8170 854 3434 1134
361 5440 1992 4242 3586 791 657 1323 1177 578 828 8239 2586 4102 5896 1031 374
362 9096 8198 8620 263 2548 6249 812 3933 9580 9609 6696 7713
363 7177 3172 6402 8953 8000 9646 3019 868 9291 3608 7881 6244 8830 1328 1343 6635
364 9655 2539 3691 6379 4632 593 5194 8499 8490 9305 2453 6175 7367 3982
365 2031 6317 1558 7288 3895 9067 5738 6654 6087 9261 6447 718 2121
366 4083 2055 9657 193 6447 2292 2698 6482 8440 8908 7616 8225 1642 1851 3409 2543 1969 183
367 5925 6195 5897 5895 1617 657 7451 9843 2090 3440 2019 2412 6828 4385 7652 4728
368 1629 7415 5994 3739 4531 6770 8624 190 4231 355 5509 9063 1697 5917 3376
369 3288 7635 5677 8992 9463 2896 5526 1521 8668 2748 8621 2327 369 5715
370 6507 4462 1761 6546 5543 5492 6494 4816 3269 1940 4175 9618 3945 3781 3584 822 2215 2697 7 1353 2615 1238
371 2161 5794 7525 6918 9529 7929 4560 1664 1139 8735 9403 3117 7036 1341 2072 8495 6778 7296
372 2736 3531 2144 1004 4540 7986 8306 6506 6062 8413 2335 2783 6404 420
373 8794 1716 8484 4366 3637 2722 6148 8059 608 4751 6404 208 552 8994 647 7762
374 5595 4278 4641 5848 6223 2232 3028 7406 949 3762 1423 7597 4103 8125 1566 9174 4705 9713 238
375 3632 6332 6854 9256 7823 5566 4256 6640 7762 8967 4248 705 9573 9615 7285 8812 8130
376 5558 4210 6008 3609 7459 2485 153 4510 8495 9255 7487 7157 2251 6141 5674 6537 1979
377 7144 8982 3338 1153 5855 2300 7903 381 3658 6902 4107 8193 9270
378 6706 9155 3683 1276 7181 6516 2531 3712 601 2096 3023 2718 2030 7709
379 4544 1304 5523 3076 7111 9703 5905 1336 3335 2265 9515 5813 7331 5234 6765 9003 6554 2
380 7339 5533 9529 5960 8944 9352 1705 8776 712 4382 1984 5218 711 1289 2052 9299
381 7231 3211 27 3122 7073 8018 7697 5040 2977 3543 3830 3792 4765 4728
382 6607 2157 7110 7020 2006 5569 6598 2794 3363 7171 4541 1381 6482 8994 4286
383 6039 4558 7404 3840 8851 7029 687 1208 847 2618 6094 4225 3395 7116 738 3344 5749 1534 6054 935
384 1100 6201 706 9510 6337 2837 3885 2827 6224 8289 5019 5912 5227 9825 2986
385 5850 7353 276 9700 544 3785 9305 1033 7911 6538 935
386 7740 707 5690 686 1195 7251 538 550 1466 4143 8898 4732 9887 4828 19 4345 9287
387 7281 7977 4556 6178 9451 9740 36 4491 6449 7328 1639 2460 457 4639 2875 6258 1752 625 8470
388 4663 7611 4340 7775 7883 3018 8728 4766 6958 6276 4076 6730 3106 7216 79
389 6631 5282 6931 6216 4531 3885 4065 7674 4843 6744 465 9692 5370 5693 1182 7102 1264 9205 9990 3783 5340 2643
390 720 4546 571 9063 9317 7389 8689 2621 28 7142 2335 9311 6020 7143 4102 7790 1560 1289 7285
391 3978 2823 8073 8743 5919 1287 3867 1636 6320 3319 7438 1125
392 6952 8040 4066 1485 1419 52 8170 4802 351 2038 9118 4962 6170 5715 412
393 5728 7530 2418 2548 1963 4912 6487 9108 1861 5286 9059 2120
394 2503 6027 5335 658 2993 5284 6667 1725 2702 8053
395 5244 9168 5651 9889 5707 6189 9054 7484 4739 2208 4293 8512 6802
396 2773 8593 1440 2012 6777 9821 1536 6926 2028 6112 8410 1259 895 9949 4222
397 9749 7233 7167 6000 4936 863 3913 5124 7204 4935 6474 1188 3513 6140 4504 7055 8487 4107 2555 7413
398 7641 750 5146 1078 735 4039 7737 7537 336 5298 2892 5941 8470 7709 2136 3586 7699
399 8140 9967 8516 5796 9797 3744 2101 8116 3300 3530 3583 9646 3371 9848
400 3926 1233 8352 4046 4253 5644 9805 1533 3698 5369 62 1541 447
401 2527 6345 500 3318 1581 8241 6311 7773 3290 8863 3464 1831 2666 2340
402 3650 6639 3021 2690 5025 7533 1712 2908 4315 6595 4619 9107 4679 1524 5064
403 6328 8915 2649 8224 1620 3217 9031 7110 691 351 7447 652
404 4994 6092 1006 1673 1322 1528 1161 6739 690 9767 7088
405 6139 4150 8093 8174 1633 1770 5595 2786 2301 9837 997 977 7130 1924 5993 4344 5788
406 366 1517 2199 9076 4969 1070 7296 2421 3974 1122 3537 6021
407 3920 514 2495 3789 9248 9823 7638 8869 4873 3985 7694 9040 9224
408 5675 4291 3277 9167 672 1882 9959 1350 9465 643 1668 9444 8470
409 8550 5462 1602 5741 4791 5958 6048 448 9845 7924 3113 1292 3533
410 153 4578 3594 8779 2406 7956 2143 8650 946 7820
411 2224 9395 8793 1824 1773 5155 587 5618 5409 8729 9111 4517 5113 7456 9043 2790 7736
412 3668 9568 7424 4434 366 2458 1435 1509 5846 2175 5445 6459 4749 7795 6327 7762 9199
413 7155 7026 2296 6522 5580 8288 243 8186 864 1723 2892 148
414 5240 5553 2169 2457 1785 4778 611 5797 828 3884 2550 9692 9704 3375 3723 1348 6458 6778 4855
415 3381 7713 3892 3911 5731 3962 2423 8906 4145 3582 5359 5270
416 3294 7841 711 4778 9146 2634 7535 3238 4174 3954
417 9397 7697 8851 9085 8898 5582 822 9571 5258 389 3910 4645 9187 8078 8116 9580 3936
418 3910 2745 9805 3966 4028 5840 4013 1692 8239 6675 8513 8819 1031 2704 9244 3894 6258
419 578 1960 6595 2196 9022 8796 540 4188 4046 7556 3023 7949
420 4991 244 7439 1328 3661 6119 5583 1557 7412 6891 4823 382 8922 5987 4737 6767 75 3276 1380 8487 8125
421 3789 5493 6597 7253 8275 1694 8134 9844 2715 9558 1645 6464 8574 4517 6281 259 4341
422 7058 7999 2959 6826 5864 1379 3724 8614 6369 3125 1984
423 2000 5359 142 5401 4596 9292 255 8462 7970 2997 2606 2631 1430 6458 1197 3338 2962
424 1614 1842 9256 7122 2368 1200 1549 142 7149 9688 5390 1139 5362
425 168 1656 7792 8216 5209 4721 6547 4671 1443 4620 5247 2109 221 3944 3533 5775 2114
426 1343 9419 1455 8246 9731 5578 496 4199 1963 4938 4571 8102 7298 4213 4552 8812 5234 9199 1670 199
427 1 3772 9321 6793 7216 3653 6181 1020 7357 2595 2444 3847 4222 9283 9086 7355 847 8907 673 6044
428 3983 7965 1456 9808 6763 2685 6234 3365 5602 706 3656 2898 2962
429 6894 7874 360 6259 1352 6762 7984 24 8189 8013 4501 4229 93 2415 4129 6054
430 812 5581 3943 1391 8861 4013 8642 3995 8824 5605 6830
431 4294 874 6670 2804 1215 1555 2992 3338 5429 69 645 6938 2587 8242 5548 9290 979
432 6893 7197 4195 9159 529 9954 6863 379 4749 1773 9280 4933 1749 3567 2643
433 6565 2346 7383 1640 1332 7921 445 7611 6985 7723 7575 1581 6550 3541 3543
434 1291 5547 8794 7797 6799 9268 2731 4166 404 1453 6906 6932 9615
435 8069 4638 6189 3180 5690 7114 695 8030 4973 6011 1673 8053 3832 5826 952 7399 2764 7725 935 2013
436 6054 2497 9676 9235 1940 5391 2468 8164 966 2777 3133 7744
437 8555 312 133 9715 3423 10 904 1200 3432 5514 5682 9968 761 9903 745 7883
438 2181 1838 6166 6794 8302 3163 5675 9300 1420 4234 5322 9013 7669 427
439 3334 2521 391 3118 1420 5166 3716 5551 6060 8756 450 9903 6101 1353
440 4994 3476 5560 6720 3074 1423 8546 798 8982 3281 9196 2984 300 4011 4728 1546 2114
441 4251 5466 9537 6974 3414 7724 153 3292 4326 5006 412 7949 8387
442 2754 592 9774 5666 5881 4444 3885 7434 175 6862 5982 8765 4350 6768 2554 6949 5762 6797 8125
443 639 798 227 4382 919 741 852 9487 5639 761 7742 7827 8892 4411 7575 5715
444 7843 5220 4431 573 972 6626 5396 8523 1677 3714 9265 3103
445 8280 1813 9273 8205 5401 6867 4464 9823 3743 5334 8782 4321 7246 8227 2 374 7153
446 3059 2263 8889 940 5906 6398 8882 6548 7931 9239 301 9955 5869
447 2987 8882 828 8319 744 4284 8310 6467 8837 4664 8140 6137 6 3277 4737 9478 7893 3630 4345 9689 7438 3936 4400
448 6115 1142 4786 5693 5143 9004 4892 7279 5204 4501 8515 7566 898 7891 569 3835 8212
449 3125 8986 8240 237 9626 8028 4567 2645 5402 7925 2407 8724 9351 5097 3111 1984
450 7353 4675 4128 5672 4308 1423 8084 116 1762 9313 3386 2223 6543 644 4539 6082 7749 9114
451 3723 9184 1639 4393 5757 7362 5786 6335 3524 176 8814 9380 5477 5446 7057 7713 3074 1289 7652 3012
452 6130 694 1682 860 4595 4013 1091 1672 4781 4545 5735 7693 6226 6134
453 9209 3536 6823 1789 7962 2455 7916 1333 2028 9461 2666
454 3840 374 6468 634 9238 2910 7384 8115 2450 4238 5541 648 1607 8270 3276 5698 9573 1246 7285 6458 1934
455 2464 7970 8747 9036 299 2865 9571 6669 8996 4718 7346 2975 8870 5326 8832 5748 5307 5445
456 1026 7901 715 5964 4253 5747 9159 3262 3746 9031 2391 1568 76 4727 6935 5307 2662 1375 7791 1534 3783 9968
457 380 5179 9522 4045 6457 2572 9675 9595 1233 9691 5385 8418
458 1711 7261 9932 4054 6337 1102 2931 2391 3625 3537 3524 9717 5553
459 4523 1902 6992 7954 5961 4015 4995 5481 822 5729 7533 2412 3936 321 5340
460 8767 7136 9544 9409 3616 4364 9057 2149 4828 5289 3820 6356 183 4177 7554 5451 7429
461 8257 1451 6546 7938 154 5402 8664 3008 8618 7066 1682 4015 9483 6778 8711
462 2698 6253 1695 6549 9313 5483 7171 6931 7947 1144 1500 7006 8476 5948 4282 991 374 9139 5788 4151 7296 4985
463 2274 5549 3135 3837 1682 8361 1571 7395 1391 5334 1276 9988 3169 9356 1790 8152 2559 1512 4045 9199
464 3376 8510 4906 3502 8583 2583 2465 3241 8921 2546 7865 6270 7713 2457 8445 5639 5304 1289 8008 7795
465 6028 6367 4339 6774 1296 429 4704 8269 1001 5692 9214 9842
466 8943 1271 6457 7170 2598 4444 1301 2875 7628 5932 9758 5852 6421 352
467 8342 2867 8363 9014 5683 7642 1230 7949 7701 773 1703 5054 5860 8493 3703 3885
468 3891 6606 3473 2230 4912 3394 6718 7754 567 1201 5406 6692 979
469 1606 3392 670 211 9934 7682 1851 3499 8981 8167 5942 3310 2143 2856 7874
470 2799 2421 2858 7194 2689 2278 6380 7086 9859 6899 1097 9957 1183 6680 3163 9244
471 8938 9451 7797 8904 8954 5287 1348 5185 7660 2328 1287 8200 8889 232 8891 5251 4439 8104 9461 9968 5437
472 958 9052 5065 4808 5141 4086 9423 5972 272 8846 9675 3236 1956 4985 8125
473 2515 8345 1881 7413 2061 7130 6476 2117 5553 2336 5437 2671 5138 3146
474 7451 8605 3152 9133 5708 3388 6675 3721 718 1777 3854 9615 7073 3104 9244
475 2787 1647 4478 7213 9362 7840 7604 2280 9565 1792 6148 1978 9779 4606 5962 8994
476 323 2037 814 6568 4307 1722 5859 8798 6462 1944 824 6675 3285 7055
477 4577 3701 457 20 5119 2297 1836 331 9622 2058 5818 2962 527 9968 2240 9533 2121
478 8208 3324 9930 9094 2754 590 2548 4028 5030 5851 6100 843 8212 7652 3012 6938
479 8204 5235 9308 8183 9409 9216 3736 7782 2592 7768 7653 2490 1935 1347 6447 4501 866 3586
480 1895 3977 5899 8480 1577 7234 5228 6695 9887 8652 435 8045 8775 1408 7049 6324 6899 4341 9968
481 1407 8014 7239 9706 6437 9370 5310 1335 4582 7503 1412 2650 4215 3836 935 9139 5848
482 5481 7105 3762 1676 8068 3894 9844 4936 1566 9393 5282 5206 4399 243 3053 3393 3507 2555 7759
483 2789 3057 7883 7601 6890 8052 2359 9593 7902 5373 6090 2150 3586
484 8944 9743 4710 7247 7530 3512 6173 3460 8371 9443 7213 1041 8136 1431 4037 8005
485 1905 8197 969 8351 29 3544 1414 3656 5652 2162 6489 7759 8343 5880 9834 5445
486 4291 6258 8348 5110 7573 2038 2504 9839 777 7199 9189 1978 7880 4909
487 2545 3442 7967 7635 8442 3180 696 8906 9741 7874 5810 5702 7012 8883 105 745
488 4032 3262 4867 8815 5382 1565 8063 4988 3373 4377
489 7649 2339 3457 6950 3297 8064 989 3361 3868 8135 7472 8491 188 3720 8470 7949 9545
490 6154 8976 6312 788 1935 5748 268 3926 2611 967 4425 6468 1633 7570 8685 7296 6447 1750
491 304 6879 5508 5867 8749 5154 66 5933 9254 740 6865 4966
492 5714 3562 5298 6133 4525 5717 7558 6188 7923 2087 3006 9993 1763 9453 4108
493 8272 155 4033 8389 3195 6158 980 6091 1948 3580 7788 19 8907 2013
494 4390 8014 5847 9796 4521 136 5075 3017 6691 9380 2404 639 3012 447 2240 9244 7732
495 798 7299 7503 5322 5485 2286 679 4513 5660 9188 9725 1762 3839 7861
496 212 7425 4099 1598 71 2992 3424 8033 1987 9887 2878 4288 863 4350
497 5387 1685 8136 4736 5693 218 3460 1529 2670 7174 6267 7798 8966 450 625
498 4915 2494 7537 6428 6208 2858 3381 4054 4213 1196 6636 1080 7742 4544 8528 8146 7790 8227 4311 2155 6404
499 7463 7807 8278 9558 5596 2727 5883 6704 7662 8193 6134
