100
0 180 1368 505 104 4227 4040 3053 6614 8949 6779 4048 6052 97 91 949 2498 6045 176 2334 425 2594 2482 1009 3160 82 26 1725 451 1 293 152 677
1 278 9903 1 464 1403 430 5519 323 5361 46 364 831 5515 1572 700 7269 123 3198 13 6890 240 406 8620 1581 64 22 88 53 2758 950 6649 30 1089 404 1290
2 16 9547 65 2878 110 54 1311 9 3 1 21 180 6359 50 252 74 7702 33 637 268 178 1039 1495 308 1845 53 751 333 70 127 1562 293 6504 1516 348 3774 867 3244
3 8733 244 433 81 4138 5350 21 207 161 2 1130 1593 651 2657 173 134 499 24 2517 76 168 273 16 2942 222 19 447 217 635 1407 78 8466 6745 1888 3591 426 3097 1671
4 2132 1863 779 1843 1623 1956 375 19 2195 18 891 229 2706 3689 519 511 2098 3056 503 7687 76 941 1582 27 8401 9493 91 173 131 116 200 2052 139 120 1679 155 3975 1502
5 262 3016 284 202 7574 1846 4790 582 1740 526 105 412 452 68 20 210 125 566 231 6015 1787 4642 4314 1697 64 3098 204 35 1184 1958 6698 1310
6 71 25 3208 253 2424 338 100 47 44 177 1804 1927 3794 378 1119 161 193 426 61 139 1016 27 2 3066 2650 4081 7 120 1691 4465 38 124 3909 3244 1287 68 2452 419 184 948 138 7624 1310
7 4848 303 6031 848 807 170 5429 4752 1315 1590 5222 380 6 167 331 3548 485 948 398 66 151 1576 1296 3500 1100 87 246 73 4362 2983 1021 332 1959 6662 1748 63 355 184 1310 1290
8 278 9903 1 464 1403 430 5519 323 5361 46 364 831 5515 1572 700 7269 123 3198 13 6890 240 406 8620 1581 64 22 88 53 2758 950 6649 30 1089 404 1290
9 9 33 6643 3 7192 2406 962 3972 50 5034 209 4938 6992 791 63 163 71 2568 1073 649 1545 891 30 1518 178 150 112 79 70 19 2955 176
10 1363 1390 836 2950 2628 559 9086 5638 1041 4372 628 338 419 505 224 169 101 476 544 130 2838 124 134 429 687 2842 503 3941 2932 371 2848 5 139 355 138 5926
11 24 18 7884 236 3000 653 349 17 7155 3224 7 112 245 1621 8168 201 1807 45 742 131 91 185 1001 46 120 2 81 84 304 271 432 356 139 162 124 2205 74 65 844 3088 80 136 671 1122 2003 650 199 6656 1671 3975
12 845 288 1378 6571 519 2177 1250 383 7399 2961 90 3955 20 826 521 1476 6907 24 736 8989 1121 166 1327 1426 3379 2697 4181 99 65 735 17 1038 4738 1613 140 82 2902 4500
13 109 2546 342 9677 1 409 1293 13 463 249 807 226 1490 21 1859 757 127 2191 952 106 602 6943 113 44 1126 2494 5532 27 577 2737 176 1482 69 2264
14 1190 143 35 231 1216 233 168 115 355 1861 6979 47 11 1324 65 5038 36 710 3759 1126 4973 1 5845 2604 5 253 212 5850 7961 2014 49 391 4404 124 2815 7226 235 38 4188 9559 1384 708 2153
15 52 54 138 103 405 3476 3679 284 2114 87 186 45 2521 602 2250 886 262 98 1049 170 6636 9 75 255 191 7866 132 4300 41 36 1216 58 1114 145 6086 686 968 3774 7585 1290
16 4848 303 6031 848 807 170 5429 4752 1315 1590 5222 380 6 167 331 3548 485 948 398 66 151 1576 1296 3500 1100 87 246 73 4362 2983 1021 332 1959 6662 1748 63 355 184
17 454 94 5893 759 4278 1710 346 435 42 3900 19 23 665 3274 21 7818 96 12 633 2202 247 83 3735 510 29 15 5278 215 318 8015 602 285 1352 3923 6049
18 18 1687 286 3626 95 157 4781 178 56 1052 465 8703 939 242 362 6787 7557 720 356 31 1071 6475 325 275 2929 1243 51 5 1222 269 2146 7214 152 1322 121 1604 8
19 4430 346 2 9053 529 23 4526 142 2911 19 75 14 2453 1132 571 114 243 2341 170 468 2804 8 26 42 4698 253 4137 76 624 298 318 894 478 272 187 6571 37 859 356 5926 1737 708
20 26 148 1290 2979 406 9798 676 105 206 1005 9562 0 379 336 158 1168 3317 41 1919 989 5001 805 3535 84 7748 120 48 1886 60 4984 3604 4662 208 126
21 412 168 2025 85 1148 1304 156 2160 474 130 1128 1213 2380 8743 6379 625 132 9 1723 5442 753 18 5269 1361 257 280 401 2848 4837 59 1775 1513 685 1756 264 199 5985 2264
22 23 859 1024 6599 69 37 6035 1563 389 3221 9673 83 4328 5110 3680 167 1 14 22 881 2503 53 387 2949 2125 4419 45 44 975 143 822 357 102 1098 839 745 114 954 413 198 7 253 236 468 6404 193
23 50 1156 39 1042 1948 233 1959 1438 3324 35 5834 1677 1152 1967 885 1105 422 25 1686 152 17 2664 4477 2579 45 126 6 15 218 1402 3700 13 1506 1452 1951 3244
24 1 9 6697 3699 602 8488 1011 7387 539 16 5294 3790 188 940 2233 19 419 231 358 509 3119 15 3563 347 961 2444 5167 1414 4120 179 1216 60 88 30 298 252 1671
25 109 2546 342 9677 1 409 1293 13 463 249 807 226 1490 21 1859 757 127 2191 952 106 602 6943 113 44 1126 2494 5532 27 577 2737 176 1482 69 2264
26 406 1027 328 469 1127 3730 597 278 71 4051 561 92 36 6137 21 39 714 5361 67 99 179 5005 42 1532 25 1388 353 280 501 8 4090 554 3110 138 5381 1290
27 431 414 4584 121 45 2805 343 35 626 52 10 246 107 3140 124 2889 5830 430 409 3064 1732 1301 1014 234 259 177 893 173 5749
28 42 1108 432 46 5412 9338 422 1460 1552 205 3617 588 383 315 1694 478 815 81 38 44 349 7431 97 408 1017 103 8871 7854 43 69 14 1643 9517 708 1263 5921
29 2684 67 41 1389 350 5020 391 37 1099 143 2212 180 448 9357 153 6438 5 197 360 437 17 182 158 723 1461 268 780 127 196 793 404
30 2385 264 8365 234 435 625 517 3502 64 1210 1401 58 621 1332 659 184 992 9295 36 2522 148 1979 6450 1026 145 2 170 2156 5792 8875 196 134 2048 9471 117 2967 37 914 1754 41 6097 6696 8938 63 1583 5526
31 3618 1530 354 1320 238 172 5021 5359 4683 53 216 1989 4604 6705 117 7 26 694 143 1088 226 36 102 1137 406 9908 840 199 1823 3980 13 964 3004 273 69 138 5921 3097 1310
32 180 1368 505 104 4227 4040 3053 6614 8949 6779 4048 6052 97 91 949 2498 6045 176 2334 425 2594 2482 1009 3160 82 26 1725 451 1 293 152 677 5921
33 66 39 118 4129 7437 289 523 2219 25 58 85 337 1806 406 2 225 864 1141 1922 1102 723 77 176 10 556 280 1340 1990 309 659 979 5754 482
34 4104 5850 1378 264 550 1866 2986 101 4685 148 99 70 134 8076 4474 3768 1902 6604 437 2619 128 4133 909 936 224 329 175 760 396 6571 73 22 475 4895 121 1587 860 2153 138
35 8973 272 419 297 1959 88 123 646 42 6137 9957 35 7718 235 3236 1752 7970 259 476 2239 483 1074 1909 5221 6012 344 4164 471 529 836 316 186 14 19 138
36 26 148 1290 2979 406 9798 676 105 206 1005 9562 0 379 336 158 1168 3317 41 1919 989 5001 805 3535 84 7748 120 48 1886 60 4984 3604 4662 208 126
37 3140 322 412 6755 395 15 18 514 866 594 106 363 69 4659 57 6130 587 371 1446 1089 2469 137 5597 17 2430 4096 340 154 198 2147 5084 6523 38 2096 1921 204 1080 44 28 176 155 1737
38 1759 9711 1606 1937 337 59 37 5472 641 502 94 839 271 1424 60 61 718 1671 355 1329 320 6037 1844 110 186 5675 5144 73 231 155 138 120 6656 3097
39 1854 68 209 1743 172 2503 1927 2383 219 256 166 141 792 1150 322 74 2125 896 250 373 2143 26 33 8735 906 136 30 79 7 4341 1079 337 13 27 468 138 1671 5921
40 262 3016 284 202 7574 1846 4790 582 1740 526 105 412 452 68 20 210 125 566 231 6015 1787 4642 4314 1697 64 3098 204 35 1184 1958 6698 1502
41 5038 12 71 1516 5737 156 50 722 6538 2344 554 716 2076 190 123 3959 581 476 1679 1213 9 1322 527 27 73 224 2270 3764 493 3364 3003 625 1415 283 20 22 121 549 900 1173 3975 2153
42 42 1108 432 46 5412 9338 422 1460 1552 205 3617 588 383 315 1694 478 815 81 38 44 349 7431 97 408 1017 103 8871 7854 43 69 14 1643 9517 708 1263 2153
43 412 168 2025 85 1148 1304 156 2160 474 130 1128 1213 2380 8743 6379 625 132 9 1723 5442 753 18 5269 1361 257 280 401 2848 4837 59 1775 1513 685 1756 264 199 5985
44 5299 270 389 301 498 16 1017 1401 6689 8056 4947 120 5681 5524 38 1561 269 2625 7979 309 61 7278 207 5 133 1588 2312 224 2293 1886 339 1379 212 4226 27 275 789 1290 1310
45 183 8843 59 1996 5270 105 1954 3644 151 665 9061 455 6082 39 8886 1806 2832 6510 9175 70 44 335 624 140 1739 459 605 1654 9465 22 21 121 1502 7055 1310
46 9902 4704 1340 412 1704 788 1805 50 8160 733 58 1382 22 8929 1944 367 98 110 1057 31 665 856 277 6181 204 2405 186 777 5209 358 462 8 25 5842 1386 138 1502 2848 1671
47 67 1119 194 245 775 8150 5990 2266 1072 981 55 344 32 250 236 345 92 96 9134 3 15 4063 2193 9768 7463 253 153 338 3797 8006 746 9718 309 27 583 2264 3106 1502
48 3684 9 5728 2863 366 25 218 28 3692 124 96 74 4821 79 1371 248 2825 8616 1260 2920 2988 315 1653 134 6336 300 8326 357 9433 147 389 1344 330 3561 1312 583
49 8973 272 419 297 1959 88 123 646 42 6137 9957 35 7718 235 3236 1752 7970 259 476 2239 483 1074 1909 5221 6012 344 4164 471 529 836 316 186 14 19 138
50 89 1857 4046 279 349 150 25 6607 593 1483 66 6158 73 126 1574 1141 1084 301 343 3246 560 313 2433 464 1710 9556 4139 1237 228 8839 7763 1004 372 1482 3244
51 9234 33 8783 213 6 23 4705 597 788 4606 288 966 9 22 2410 63 200 508 1728 159 725 334 1989 2420 4847 53 383 6237 1224 3586 198 246 5 70 14 1417 3824 197 5031 977
52 5299 270 389 301 498 16 1017 1401 6689 8056 4947 120 5681 5524 38 1561 269 2625 7979 309 61 7278 207 5 133 1588 2312 224 2293 1886 339 1379 212 4226 27 275 789 1502 7055
53 510 230 7433 2282 334 20 45 216 369 25 4478 978 184 7981 266 100 395 295 2739 348 72 508 115 208 822 84 1300 6043 42 5882 460 524 7064 1983 341 404 927
54 1506 47 50 7070 4 2426 918 132 9162 119 6440 88 126 597 678 108 263 761 124 431 131 6572 117 17 5507 241 144 244 443 172 405 2649 199 62 231 2848
55 1373 117 1107 108 789 3551 76 3553 1197 302 136 344 430 98 49 3244 228 401 78 7609 4507 981 363 358 305 366 4650 75 3397 468 28 57 5603 1495 176 1737
56 391 108 2431 2282 1913 2051 179 8114 44 799 6348 3796 8702 1697 5566 1591 719 62 9742 2451 58 4452 1075 20 190 635 680 1406 292 632 7815 1566 91 481 5276 121 1184 3756 2264 1502 3244
57 6169 53 111 778 4152 38 1696 69 63 6 486 66 4964 3249 708 884 24 3499 3059 566 699 2662 738 936 1197 257 15 231 689 209 47 1017 3392 6986 3975
58 41 2 2012 112 299 51 9628 319 7274 703 48 1159 18 15 1540 1044 1799 685 1067 101 156 1360 311 138 67 257 378 2380 869 39 26 158 2741 23 126 1290
59 65 21 323 769 75 1011 111 203 31 725 8601 6408 3843 6238 225 2187 1429 64 22 1728 11 1264 1566 216 2295 2479 902 127 82 189 2980 762 1412 58 585 2060 977
60 412 168 2025 85 1148 1304 156 2160 474 130 1128 1213 2380 8743 6379 625 132 9 1723 5442 753 18 5269 1361 257 280 401 2848 4837 59 1775 1513 685 1756 264 199 5985 6729
61 510 230 7433 2282 334 20 45 216 369 25 4478 978 184 7981 266 100 395 295 2739 348 72 508 115 208 822 84 1300 6043 42 5882 460 524 7064 1983 341 404 927
62 356 662 64 495 107 1841 770 17 919 62 1373 5672 118 454 90 1169 29 587 59 1117 34 583 1187 354 1130 325 195 4197 101 3234 3052 491 56 5876 212 3428 8 236 138 7624
63 2178 1283 188 7820 5127 57 56 3 660 3100 135 0 3249 425 409 2158 5063 307 227 6549 1397 1554 24 2380 4259 75 3642 9 67 51 255 7 285 526 1223 184 968 1290
64 352 56 282 987 299 2145 79 310 565 3940 86 373 356 52 5055 89 49 1167 358 265 576 1283 238 208 2958 512 3032 1236 5091 1968 9460 42 671 81 9305 58 1872 120 8 1737 9584
65 2065 1161 233 1489 206 9021 280 123 1245 83 329 428 323 183 6243 156 4182 53 22 450 1903 14 318 605 2746 87 177 17 259 1530 378 455 1404 153 1766 1597 3244 3975
66 5973 4872 5915 1282 133 5 4180 7325 4673 300 103 4019 662 236 774 252 669 158 36 795 296 60 6934 3289 1272 2210 801 328 5302 632 30 965 57 2696 2663 166 138
67 2132 1863 779 1843 1623 1956 375 19 2195 18 891 229 2706 3689 519 511 2098 3056 503 7687 76 941 1582 27 8401 9493 91 173 131 116 200 2052 139 120 1679 155 3975 1290
68 8733 244 433 81 4138 5350 21 207 161 2 1130 1593 651 2657 173 134 499 24 2517 76 168 273 16 2942 222 19 447 217 635 1407 78 8466 6745 1888 3591 426 1502 7055
69 762 141 1593 1499 427 1883 1119 388 62 1279 358 109 8180 276 47 245 3561 54 8 756 13 3520 6767 2177 7231 7 1446 1061 119 99 8004 1628 3710 63 2551 1522 224 9 28 679 977 873 1482 1671 6165
70 293 1756 174 676 95 938 187 656 99 219 2652 88 5641 951 2973 122 9442 6234 297 31 412 38 73 216 217 59 1449 2024 6729 475 121 114 65 4390 176 138 3244
71 2684 67 41 1389 350 5020 391 37 1099 143 2212 180 448 9357 153 6438 5 197 360 437 17 182 158 723 1461 268 780 127 196 793 404
72 6 3038 4 100 1434 62 161 2135 724 2052 8512 11 187 243 2218 8629 251 23 2262 91 1428 755 1353 2195 2473 248 60 8 20 313 6094 3828 332 2859 356 236 708
73 16 9547 65 2878 110 54 1311 9 3 1 21 180 6359 50 252 74 7702 33 637 268 178 1039 1495 308 1845 53 751 333 70 127 1562 293 6504 1516 348 3774 867
74 2385 264 8365 234 435 625 517 3502 64 1210 1401 58 621 1332 659 184 992 9295 36 2522 148 1979 6450 1026 145 2 170 2156 5792 8875 196 134 2048 9471 117 2967 37 914 1754 41 6097 6696 8938 63 1583 5526
75 762 141 1593 1499 427 1883 1119 388 62 1279 358 109 8180 276 47 245 3561 54 8 756 13 3520 6767 2177 7231 7 1446 1061 119 99 8004 1628 3710 63 2551 1522 224 9 28 679 977 873 1482 1671 6165 3244 2264
76 43 3228 455 128 103 245 3279 48 47 35 556 108 129 305 458 46 73 94 0 137 100 246 691 1342 6288 104 542 114 28 577 155 869 2060 900 867
77 8733 244 433 81 4138 5350 21 207 161 2 1130 1593 651 2657 173 134 499 24 2517 76 168 273 16 2942 222 19 447 217 635 1407 78 8466 6745 1888 3591 426
78 50 1156 39 1042 1948 233 1959 1438 3324 35 5834 1677 1152 1967 885 1105 422 25 1686 152 17 2664 4477 2579 45 126 6 15 218 1402 3700 13 1506 1452 1951 1502 7055
79 500 2051 33 2221 238 1757 218 351 1896 2987 1121 1318 9041 96 79 1340 726 281 538 3354 3526 112 11 257 837 199 3137 0 156 2019 669 178 6087 636 152 485 9514 968 1671 2848
80 41 2 2012 112 299 51 9628 319 7274 703 48 1159 18 15 1540 1044 1799 685 1067 101 156 1360 311 138 67 257 378 2380 869 39 26 158 2741 23 126 3975
81 3430 3252 103 129 1361 119 200 5170 15 652 94 12 1079 41 4386 934 2496 6912 662 71 3712 152 0 160 458 694 8992 455 2852 268 316 120 8 155 138 554 1737
82 1759 9711 1606 1937 337 59 37 5472 641 502 94 839 271 1424 60 61 718 1671 355 1329 320 6037 1844 110 186 5675 5144 73 231 155 138 120 6656 3097 1737 9584
83 89 1857 4046 279 349 150 25 6607 593 1483 66 6158 73 126 1574 1141 1084 301 343 3246 560 313 2433 464 1710 9556 4139 1237 228 8839 7763 1004 372 1482 3244
84 40 386 9375 9 256 39 9890 111 8 86 47 1963 163 43 1158 46 837 7341 7400 3008 176 613 17 550 6 7 94 5725 245 38 225 3094 15 2701 138 468 621
85 293 1756 174 676 95 938 187 656 99 219 2652 88 5641 951 2973 122 9442 6234 297 31 412 38 73 216 217 59 1449 2024 6729 475 121 114 65 4390 176 138 2848
86 500 2051 33 2221 238 1757 218 351 1896 2987 1121 1318 9041 96 79 1340 726 281 538 3354 3526 112 11 257 837 199 3137 0 156 2019 669 178 6087 636 152 485 9514 968 1502 7055
87 180 1368 505 104 4227 4040 3053 6614 8949 6779 4048 6052 97 91 949 2498 6045 176 2334 425 2594 2482 1009 3160 82 26 1725 451 1 293 152 677 2848
88 47 1583 21 117 6025 3915 672 7777 1503 42 19 24 169 1591 5778 92 216 2475 5731 539 510 1571 1017 3400 95 3488 13 182 527 928 248 1053 6 211 9 27
89 183 8843 59 1996 5270 105 1954 3644 151 665 9061 455 6082 39 8886 1806 2832 6510 9175 70 44 335 624 140 1739 459 605 1654 9465 22 21 121 2060
90 3223 1071 6160 4479 2209 1808 76 1828 655 141 3814 158 155 238 8461 1110 1776 4329 452 7266 322 92 1462 3977 17 3022 610 98 287 720 218 7245 691 1260 102 4171 3457
91 71 25 3208 253 2424 338 100 47 44 177 1804 1927 3794 378 1119 161 193 426 61 139 1016 27 2 3066 2650 4081 7 120 1691 4465 38 124 3909 3244 1287 68 2452 419 184 948 138 2591
92 585 40 1054 68 4630 2360 25 121 475 141 8444 364 8948 715 590 1456 105 906 170 147 257 2696 6166 1073 2078 169 75 20 50 3676 1334 1958 3097 176 1263
93 28 1436 9798 2844 222 6249 587 5027 289 258 1816 2333 189 5893 4807 4335 76 68 59 187 1435 3488 580 6783 3532 1396 66 1621 739 3282 299 1667 1951 2809 948 9351 1290
94 16 1313 316 5442 2631 84 1790 25 807 218 1991 77 9652 956 2720 150 725 48 5477 294 2850 3053 2639 8087 680 4103 43 7635 2286 515 295 165 3121 69 1270 138 554 5921 3244
95 52 54 138 103 405 3476 3679 284 2114 87 186 45 2521 602 2250 886 262 98 1049 170 6636 9 75 255 191 7866 132 4300 41 36 1216 58 1114 145 6086 686 968 3774 7585 3975
96 24 18 7884 236 3000 653 349 17 7155 3224 7 112 245 1621 8168 201 1807 45 742 131 91 185 1001 46 120 2 81 84 304 271 432 356 139 162 124 2205 74 65 844 3088 80 136 671 1122 2003 650 199 6656 1502 7055
97 670 14 99 519 1478 658 413 212 1258 61 1992 1002 960 278 358 1938 6 411 168 249 32 285 4301 44 3397 18 691 51 405 490 7 11 4947 96 6102 27 4142 5381 1737
98 205 1487 106 42 40 179 410 23 157 1658 175 13 5748 6400 556 56 5645 6201 1636 1672 9782 7243 6546 41 757 170 649 1736 236 927 915 1161 3097 1671
99 7 1966 8 2498 1209 933 37 168 7497 3881 117 5197 303 21 2478 5863 599 4552 13 362 113 1889 8044 97 286 199 155 41 1648 1756 33 1702 178 1541 409 310 5160 953 67 3110 549 138 686 3975
